ARM GAS  C:\Users\RRAMIR~1\AppData\Local\Temp\ccWwtnDF.s 			page 1


   1              		.syntax unified
   2              		.cpu cortex-m3
   3              		.fpu softvfp
   4              		.eabi_attribute 20, 1
   5              		.eabi_attribute 21, 1
   6              		.eabi_attribute 23, 3
   7              		.eabi_attribute 24, 1
   8              		.eabi_attribute 25, 1
   9              		.eabi_attribute 26, 1
  10              		.eabi_attribute 30, 1
  11              		.eabi_attribute 34, 1
  12              		.eabi_attribute 18, 4
  13              		.thumb
  14              		.syntax unified
  15              		.file	"main.c"
  16              		.text
  17              	.Ltext0:
  18              		.cfi_sections	.debug_frame
  19              		.section	.text.main,"ax",%progbits
  20              		.align	2
  21              		.global	main
  22              		.thumb
  23              		.thumb_func
  24              		.type	main, %function
  25              	main:
  26              	.LFB64:
  27              		.file 1 "main.c"
   1:main.c        **** #include <project.h>
   2:main.c        **** #include "stdio.h"
   3:main.c        **** 
   4:main.c        **** // Project Defines.
   5:main.c        **** #define FALSE  0
   6:main.c        **** #define TRUE   1
   7:main.c        **** #define OFF    0
   8:main.c        **** #define ON     1
   9:main.c        **** #define TRANSMIT_BUFFER_SIZE  256
  10:main.c        **** 
  11:main.c        **** 
  12:main.c        **** // Variables globales
  13:main.c        **** 
  14:main.c        **** uint8 ch; /* Variable para almacenar el caracter recibido.*/
  15:main.c        **** char transmitBuffer[TRANSMIT_BUFFER_SIZE]; /*Buffer para almacenar la cadena a transmitir*/
  16:main.c        **** 
  17:main.c        **** 
  18:main.c        **** int main(void)
  19:main.c        **** {
  28              		.loc 1 19 0
  29              		.cfi_startproc
  30              		@ args = 0, pretend = 0, frame = 0
  31              		@ frame_needed = 0, uses_anonymous_args = 0
  32 0000 10B5     		push	{r4, lr}
  33              		.cfi_def_cfa_offset 8
  34              		.cfi_offset 4, -8
  35              		.cfi_offset 14, -4
  20:main.c        ****     CyGlobalIntEnable; /* Enable global interrupts. */
  36              		.loc 1 20 0
  37              		.syntax unified
ARM GAS  C:\Users\RRAMIR~1\AppData\Local\Temp\ccWwtnDF.s 			page 2


  38              	@ 20 "main.c" 1
  39 0002 62B6     		CPSIE   i
  40              	@ 0 "" 2
  21:main.c        ****     UART_1_Start(); /*Iniciamos comunicaci贸n UART*/
  41              		.loc 1 21 0
  42              		.thumb
  43              		.syntax unified
  44 0004 FFF7FEFF 		bl	UART_1_Start
  45              	.LVL0:
  22:main.c        ****     ADC_Start();
  46              		.loc 1 22 0
  47 0008 FFF7FEFF 		bl	ADC_Start
  48              	.LVL1:
  49              	.L2:
  23:main.c        ****     int16 Pot_val; //variable en donde almacenamos el
  24:main.c        ****                    // dato del ADC
  25:main.c        ****     
  26:main.c        ****     for(;;)
  27:main.c        ****     {
  28:main.c        ****        ADC_StartConvert(); // Inicia la conversi贸n A/D
  50              		.loc 1 28 0 discriminator 1
  51 000c FFF7FEFF 		bl	ADC_StartConvert
  52              	.LVL2:
  29:main.c        ****        ADC_IsEndConversion(ADC_WAIT_FOR_RESULT); // Espera a que la conversi贸n haya finalizado
  53              		.loc 1 29 0 discriminator 1
  54 0010 0020     		movs	r0, #0
  55 0012 FFF7FEFF 		bl	ADC_IsEndConversion
  56              	.LVL3:
  30:main.c        ****        Pot_val = ADC_GetResult16(); //Guarda el resultado de la conversi贸n
  57              		.loc 1 30 0 discriminator 1
  58 0016 FFF7FEFF 		bl	ADC_GetResult16
  59              	.LVL4:
  31:main.c        ****        sprintf(transmitBuffer,"%d\r\n",Pot_val);  // Convierte de entero a cadena para poder enviar
  60              		.loc 1 31 0 discriminator 1
  61 001a 074C     		ldr	r4, .L4
  62 001c 0246     		mov	r2, r0
  63 001e 0749     		ldr	r1, .L4+4
  64 0020 2046     		mov	r0, r4
  65              	.LVL5:
  66 0022 FFF7FEFF 		bl	sprintf
  67              	.LVL6:
  32:main.c        ****        UART_1_PutString(transmitBuffer);
  68              		.loc 1 32 0 discriminator 1
  69 0026 2046     		mov	r0, r4
  70 0028 FFF7FEFF 		bl	UART_1_PutString
  71              	.LVL7:
  33:main.c        ****        CyDelay(500u);
  72              		.loc 1 33 0 discriminator 1
  73 002c 4FF4FA70 		mov	r0, #500
  74 0030 FFF7FEFF 		bl	CyDelay
  75              	.LVL8:
  76 0034 EAE7     		b	.L2
  77              	.L5:
  78 0036 00BF     		.align	2
  79              	.L4:
  80 0038 00000000 		.word	transmitBuffer
  81 003c 00000000 		.word	.LC0
ARM GAS  C:\Users\RRAMIR~1\AppData\Local\Temp\ccWwtnDF.s 			page 3


  82              		.cfi_endproc
  83              	.LFE64:
  84              		.size	main, .-main
  85              		.comm	transmitBuffer,256,4
  86              		.comm	ch,1,1
  87              		.section	.rodata.str1.4,"aMS",%progbits,1
  88              		.align	2
  89              	.LC0:
  90 0000 25640D0A 		.ascii	"%d\015\012\000"
  90      00
  91              		.text
  92              	.Letext0:
  93              		.file 2 "c:\\program files (x86)\\cypress\\psoc creator\\4.3\\psoc creator\\import\\gnu\\arm\\5.4.
  94              		.file 3 "c:\\program files (x86)\\cypress\\psoc creator\\4.3\\psoc creator\\import\\gnu\\arm\\5.4.
  95              		.file 4 "Generated_Source\\PSoC5/cytypes.h"
  96              		.file 5 "Generated_Source\\PSoC5/core_cm3.h"
  97              		.file 6 "Generated_Source\\PSoC5/UART_1.h"
  98              		.file 7 "Generated_Source\\PSoC5/ADC.h"
  99              		.file 8 "c:\\program files (x86)\\cypress\\psoc creator\\4.3\\psoc creator\\import\\gnu\\arm\\5.4.
 100              		.file 9 "Generated_Source\\PSoC5/CyLib.h"
 101              		.section	.debug_info,"",%progbits
 102              	.Ldebug_info0:
 103 0000 F5010000 		.4byte	0x1f5
 104 0004 0400     		.2byte	0x4
 105 0006 00000000 		.4byte	.Ldebug_abbrev0
 106 000a 04       		.byte	0x4
 107 000b 01       		.uleb128 0x1
 108 000c 7A000000 		.4byte	.LASF28
 109 0010 0C       		.byte	0xc
 110 0011 CF010000 		.4byte	.LASF29
 111 0015 00000000 		.4byte	.LASF30
 112 0019 00000000 		.4byte	.Ldebug_ranges0+0
 113 001d 00000000 		.4byte	0
 114 0021 00000000 		.4byte	.Ldebug_line0
 115 0025 02       		.uleb128 0x2
 116 0026 01       		.byte	0x1
 117 0027 06       		.byte	0x6
 118 0028 09020000 		.4byte	.LASF0
 119 002c 02       		.uleb128 0x2
 120 002d 01       		.byte	0x1
 121 002e 08       		.byte	0x8
 122 002f 6C000000 		.4byte	.LASF1
 123 0033 02       		.uleb128 0x2
 124 0034 02       		.byte	0x2
 125 0035 05       		.byte	0x5
 126 0036 DB010000 		.4byte	.LASF2
 127 003a 02       		.uleb128 0x2
 128 003b 02       		.byte	0x2
 129 003c 07       		.byte	0x7
 130 003d 33010000 		.4byte	.LASF3
 131 0041 03       		.uleb128 0x3
 132 0042 4F000000 		.4byte	.LASF9
 133 0046 02       		.byte	0x2
 134 0047 3F       		.byte	0x3f
 135 0048 4C000000 		.4byte	0x4c
 136 004c 02       		.uleb128 0x2
 137 004d 04       		.byte	0x4
ARM GAS  C:\Users\RRAMIR~1\AppData\Local\Temp\ccWwtnDF.s 			page 4


 138 004e 05       		.byte	0x5
 139 004f F4010000 		.4byte	.LASF4
 140 0053 02       		.uleb128 0x2
 141 0054 04       		.byte	0x4
 142 0055 07       		.byte	0x7
 143 0056 63010000 		.4byte	.LASF5
 144 005a 02       		.uleb128 0x2
 145 005b 08       		.byte	0x8
 146 005c 05       		.byte	0x5
 147 005d C1010000 		.4byte	.LASF6
 148 0061 02       		.uleb128 0x2
 149 0062 08       		.byte	0x8
 150 0063 07       		.byte	0x7
 151 0064 87010000 		.4byte	.LASF7
 152 0068 04       		.uleb128 0x4
 153 0069 04       		.byte	0x4
 154 006a 05       		.byte	0x5
 155 006b 696E7400 		.ascii	"int\000"
 156 006f 02       		.uleb128 0x2
 157 0070 04       		.byte	0x4
 158 0071 07       		.byte	0x7
 159 0072 7A010000 		.4byte	.LASF8
 160 0076 03       		.uleb128 0x3
 161 0077 A8010000 		.4byte	.LASF10
 162 007b 03       		.byte	0x3
 163 007c 2C       		.byte	0x2c
 164 007d 41000000 		.4byte	0x41
 165 0081 05       		.uleb128 0x5
 166 0082 66000000 		.4byte	.LASF11
 167 0086 04       		.byte	0x4
 168 0087 E401     		.2byte	0x1e4
 169 0089 2C000000 		.4byte	0x2c
 170 008d 05       		.uleb128 0x5
 171 008e 19010000 		.4byte	.LASF12
 172 0092 04       		.byte	0x4
 173 0093 E801     		.2byte	0x1e8
 174 0095 33000000 		.4byte	0x33
 175 0099 02       		.uleb128 0x2
 176 009a 04       		.byte	0x4
 177 009b 04       		.byte	0x4
 178 009c 60000000 		.4byte	.LASF13
 179 00a0 02       		.uleb128 0x2
 180 00a1 08       		.byte	0x8
 181 00a2 04       		.byte	0x4
 182 00a3 59000000 		.4byte	.LASF14
 183 00a7 02       		.uleb128 0x2
 184 00a8 01       		.byte	0x1
 185 00a9 08       		.byte	0x8
 186 00aa D6010000 		.4byte	.LASF15
 187 00ae 02       		.uleb128 0x2
 188 00af 08       		.byte	0x8
 189 00b0 04       		.byte	0x4
 190 00b1 FD010000 		.4byte	.LASF16
 191 00b5 02       		.uleb128 0x2
 192 00b6 04       		.byte	0x4
 193 00b7 07       		.byte	0x7
 194 00b8 B0010000 		.4byte	.LASF17
ARM GAS  C:\Users\RRAMIR~1\AppData\Local\Temp\ccWwtnDF.s 			page 5


 195 00bc 06       		.uleb128 0x6
 196 00bd 75010000 		.4byte	.LASF31
 197 00c1 01       		.byte	0x1
 198 00c2 12       		.byte	0x12
 199 00c3 68000000 		.4byte	0x68
 200 00c7 00000000 		.4byte	.LFB64
 201 00cb 40000000 		.4byte	.LFE64-.LFB64
 202 00cf 01       		.uleb128 0x1
 203 00d0 9C       		.byte	0x9c
 204 00d1 5E010000 		.4byte	0x15e
 205 00d5 07       		.uleb128 0x7
 206 00d6 B9010000 		.4byte	.LASF32
 207 00da 01       		.byte	0x1
 208 00db 17       		.byte	0x17
 209 00dc 8D000000 		.4byte	0x8d
 210 00e0 00000000 		.4byte	.LLST0
 211 00e4 08       		.uleb128 0x8
 212 00e5 08000000 		.4byte	.LVL0
 213 00e9 A0010000 		.4byte	0x1a0
 214 00ed 08       		.uleb128 0x8
 215 00ee 0C000000 		.4byte	.LVL1
 216 00f2 AB010000 		.4byte	0x1ab
 217 00f6 08       		.uleb128 0x8
 218 00f7 10000000 		.4byte	.LVL2
 219 00fb B6010000 		.4byte	0x1b6
 220 00ff 09       		.uleb128 0x9
 221 0100 16000000 		.4byte	.LVL3
 222 0104 C1010000 		.4byte	0x1c1
 223 0108 12010000 		.4byte	0x112
 224 010c 0A       		.uleb128 0xa
 225 010d 01       		.uleb128 0x1
 226 010e 50       		.byte	0x50
 227 010f 01       		.uleb128 0x1
 228 0110 30       		.byte	0x30
 229 0111 00       		.byte	0
 230 0112 08       		.uleb128 0x8
 231 0113 1A000000 		.4byte	.LVL4
 232 0117 CC010000 		.4byte	0x1cc
 233 011b 09       		.uleb128 0x9
 234 011c 26000000 		.4byte	.LVL6
 235 0120 D7010000 		.4byte	0x1d7
 236 0124 38010000 		.4byte	0x138
 237 0128 0A       		.uleb128 0xa
 238 0129 01       		.uleb128 0x1
 239 012a 50       		.byte	0x50
 240 012b 02       		.uleb128 0x2
 241 012c 74       		.byte	0x74
 242 012d 00       		.sleb128 0
 243 012e 0A       		.uleb128 0xa
 244 012f 01       		.uleb128 0x1
 245 0130 51       		.byte	0x51
 246 0131 05       		.uleb128 0x5
 247 0132 03       		.byte	0x3
 248 0133 00000000 		.4byte	.LC0
 249 0137 00       		.byte	0
 250 0138 09       		.uleb128 0x9
 251 0139 2C000000 		.4byte	.LVL7
ARM GAS  C:\Users\RRAMIR~1\AppData\Local\Temp\ccWwtnDF.s 			page 6


 252 013d E2010000 		.4byte	0x1e2
 253 0141 4C010000 		.4byte	0x14c
 254 0145 0A       		.uleb128 0xa
 255 0146 01       		.uleb128 0x1
 256 0147 50       		.byte	0x50
 257 0148 02       		.uleb128 0x2
 258 0149 74       		.byte	0x74
 259 014a 00       		.sleb128 0
 260 014b 00       		.byte	0
 261 014c 0B       		.uleb128 0xb
 262 014d 34000000 		.4byte	.LVL8
 263 0151 ED010000 		.4byte	0x1ed
 264 0155 0A       		.uleb128 0xa
 265 0156 01       		.uleb128 0x1
 266 0157 50       		.byte	0x50
 267 0158 03       		.uleb128 0x3
 268 0159 0A       		.byte	0xa
 269 015a F401     		.2byte	0x1f4
 270 015c 00       		.byte	0
 271 015d 00       		.byte	0
 272 015e 0C       		.uleb128 0xc
 273 015f 56010000 		.4byte	.LASF18
 274 0163 05       		.byte	0x5
 275 0164 1207     		.2byte	0x712
 276 0166 6A010000 		.4byte	0x16a
 277 016a 0D       		.uleb128 0xd
 278 016b 76000000 		.4byte	0x76
 279 016f 0E       		.uleb128 0xe
 280 0170 636800   		.ascii	"ch\000"
 281 0173 01       		.byte	0x1
 282 0174 0E       		.byte	0xe
 283 0175 81000000 		.4byte	0x81
 284 0179 05       		.uleb128 0x5
 285 017a 03       		.byte	0x3
 286 017b 00000000 		.4byte	ch
 287 017f 0F       		.uleb128 0xf
 288 0180 A7000000 		.4byte	0xa7
 289 0184 8F010000 		.4byte	0x18f
 290 0188 10       		.uleb128 0x10
 291 0189 B5000000 		.4byte	0xb5
 292 018d FF       		.byte	0xff
 293 018e 00       		.byte	0
 294 018f 11       		.uleb128 0x11
 295 0190 E5010000 		.4byte	.LASF19
 296 0194 01       		.byte	0x1
 297 0195 0F       		.byte	0xf
 298 0196 7F010000 		.4byte	0x17f
 299 019a 05       		.uleb128 0x5
 300 019b 03       		.byte	0x3
 301 019c 00000000 		.4byte	transmitBuffer
 302 01a0 12       		.uleb128 0x12
 303 01a1 42000000 		.4byte	.LASF20
 304 01a5 42000000 		.4byte	.LASF20
 305 01a9 06       		.byte	0x6
 306 01aa 54       		.byte	0x54
 307 01ab 12       		.uleb128 0x12
 308 01ac 9E010000 		.4byte	.LASF21
ARM GAS  C:\Users\RRAMIR~1\AppData\Local\Temp\ccWwtnDF.s 			page 7


 309 01b0 9E010000 		.4byte	.LASF21
 310 01b4 07       		.byte	0x7
 311 01b5 34       		.byte	0x34
 312 01b6 12       		.uleb128 0x12
 313 01b7 08010000 		.4byte	.LASF22
 314 01bb 08010000 		.4byte	.LASF22
 315 01bf 07       		.byte	0x7
 316 01c0 D1       		.byte	0xd1
 317 01c1 12       		.uleb128 0x12
 318 01c2 1F010000 		.4byte	.LASF23
 319 01c6 1F010000 		.4byte	.LASF23
 320 01ca 07       		.byte	0x7
 321 01cb 39       		.byte	0x39
 322 01cc 12       		.uleb128 0x12
 323 01cd 46010000 		.4byte	.LASF24
 324 01d1 46010000 		.4byte	.LASF24
 325 01d5 07       		.byte	0x7
 326 01d6 3B       		.byte	0x3b
 327 01d7 12       		.uleb128 0x12
 328 01d8 26020000 		.4byte	.LASF25
 329 01dc 26020000 		.4byte	.LASF25
 330 01e0 08       		.byte	0x8
 331 01e1 E7       		.byte	0xe7
 332 01e2 12       		.uleb128 0x12
 333 01e3 15020000 		.4byte	.LASF26
 334 01e7 15020000 		.4byte	.LASF26
 335 01eb 06       		.byte	0x6
 336 01ec 8B       		.byte	0x8b
 337 01ed 12       		.uleb128 0x12
 338 01ee 2E020000 		.4byte	.LASF27
 339 01f2 2E020000 		.4byte	.LASF27
 340 01f6 09       		.byte	0x9
 341 01f7 76       		.byte	0x76
 342 01f8 00       		.byte	0
 343              		.section	.debug_abbrev,"",%progbits
 344              	.Ldebug_abbrev0:
 345 0000 01       		.uleb128 0x1
 346 0001 11       		.uleb128 0x11
 347 0002 01       		.byte	0x1
 348 0003 25       		.uleb128 0x25
 349 0004 0E       		.uleb128 0xe
 350 0005 13       		.uleb128 0x13
 351 0006 0B       		.uleb128 0xb
 352 0007 03       		.uleb128 0x3
 353 0008 0E       		.uleb128 0xe
 354 0009 1B       		.uleb128 0x1b
 355 000a 0E       		.uleb128 0xe
 356 000b 55       		.uleb128 0x55
 357 000c 17       		.uleb128 0x17
 358 000d 11       		.uleb128 0x11
 359 000e 01       		.uleb128 0x1
 360 000f 10       		.uleb128 0x10
 361 0010 17       		.uleb128 0x17
 362 0011 00       		.byte	0
 363 0012 00       		.byte	0
 364 0013 02       		.uleb128 0x2
 365 0014 24       		.uleb128 0x24
ARM GAS  C:\Users\RRAMIR~1\AppData\Local\Temp\ccWwtnDF.s 			page 8


 366 0015 00       		.byte	0
 367 0016 0B       		.uleb128 0xb
 368 0017 0B       		.uleb128 0xb
 369 0018 3E       		.uleb128 0x3e
 370 0019 0B       		.uleb128 0xb
 371 001a 03       		.uleb128 0x3
 372 001b 0E       		.uleb128 0xe
 373 001c 00       		.byte	0
 374 001d 00       		.byte	0
 375 001e 03       		.uleb128 0x3
 376 001f 16       		.uleb128 0x16
 377 0020 00       		.byte	0
 378 0021 03       		.uleb128 0x3
 379 0022 0E       		.uleb128 0xe
 380 0023 3A       		.uleb128 0x3a
 381 0024 0B       		.uleb128 0xb
 382 0025 3B       		.uleb128 0x3b
 383 0026 0B       		.uleb128 0xb
 384 0027 49       		.uleb128 0x49
 385 0028 13       		.uleb128 0x13
 386 0029 00       		.byte	0
 387 002a 00       		.byte	0
 388 002b 04       		.uleb128 0x4
 389 002c 24       		.uleb128 0x24
 390 002d 00       		.byte	0
 391 002e 0B       		.uleb128 0xb
 392 002f 0B       		.uleb128 0xb
 393 0030 3E       		.uleb128 0x3e
 394 0031 0B       		.uleb128 0xb
 395 0032 03       		.uleb128 0x3
 396 0033 08       		.uleb128 0x8
 397 0034 00       		.byte	0
 398 0035 00       		.byte	0
 399 0036 05       		.uleb128 0x5
 400 0037 16       		.uleb128 0x16
 401 0038 00       		.byte	0
 402 0039 03       		.uleb128 0x3
 403 003a 0E       		.uleb128 0xe
 404 003b 3A       		.uleb128 0x3a
 405 003c 0B       		.uleb128 0xb
 406 003d 3B       		.uleb128 0x3b
 407 003e 05       		.uleb128 0x5
 408 003f 49       		.uleb128 0x49
 409 0040 13       		.uleb128 0x13
 410 0041 00       		.byte	0
 411 0042 00       		.byte	0
 412 0043 06       		.uleb128 0x6
 413 0044 2E       		.uleb128 0x2e
 414 0045 01       		.byte	0x1
 415 0046 3F       		.uleb128 0x3f
 416 0047 19       		.uleb128 0x19
 417 0048 03       		.uleb128 0x3
 418 0049 0E       		.uleb128 0xe
 419 004a 3A       		.uleb128 0x3a
 420 004b 0B       		.uleb128 0xb
 421 004c 3B       		.uleb128 0x3b
 422 004d 0B       		.uleb128 0xb
ARM GAS  C:\Users\RRAMIR~1\AppData\Local\Temp\ccWwtnDF.s 			page 9


 423 004e 27       		.uleb128 0x27
 424 004f 19       		.uleb128 0x19
 425 0050 49       		.uleb128 0x49
 426 0051 13       		.uleb128 0x13
 427 0052 8701     		.uleb128 0x87
 428 0054 19       		.uleb128 0x19
 429 0055 11       		.uleb128 0x11
 430 0056 01       		.uleb128 0x1
 431 0057 12       		.uleb128 0x12
 432 0058 06       		.uleb128 0x6
 433 0059 40       		.uleb128 0x40
 434 005a 18       		.uleb128 0x18
 435 005b 9742     		.uleb128 0x2117
 436 005d 19       		.uleb128 0x19
 437 005e 01       		.uleb128 0x1
 438 005f 13       		.uleb128 0x13
 439 0060 00       		.byte	0
 440 0061 00       		.byte	0
 441 0062 07       		.uleb128 0x7
 442 0063 34       		.uleb128 0x34
 443 0064 00       		.byte	0
 444 0065 03       		.uleb128 0x3
 445 0066 0E       		.uleb128 0xe
 446 0067 3A       		.uleb128 0x3a
 447 0068 0B       		.uleb128 0xb
 448 0069 3B       		.uleb128 0x3b
 449 006a 0B       		.uleb128 0xb
 450 006b 49       		.uleb128 0x49
 451 006c 13       		.uleb128 0x13
 452 006d 02       		.uleb128 0x2
 453 006e 17       		.uleb128 0x17
 454 006f 00       		.byte	0
 455 0070 00       		.byte	0
 456 0071 08       		.uleb128 0x8
 457 0072 898201   		.uleb128 0x4109
 458 0075 00       		.byte	0
 459 0076 11       		.uleb128 0x11
 460 0077 01       		.uleb128 0x1
 461 0078 31       		.uleb128 0x31
 462 0079 13       		.uleb128 0x13
 463 007a 00       		.byte	0
 464 007b 00       		.byte	0
 465 007c 09       		.uleb128 0x9
 466 007d 898201   		.uleb128 0x4109
 467 0080 01       		.byte	0x1
 468 0081 11       		.uleb128 0x11
 469 0082 01       		.uleb128 0x1
 470 0083 31       		.uleb128 0x31
 471 0084 13       		.uleb128 0x13
 472 0085 01       		.uleb128 0x1
 473 0086 13       		.uleb128 0x13
 474 0087 00       		.byte	0
 475 0088 00       		.byte	0
 476 0089 0A       		.uleb128 0xa
 477 008a 8A8201   		.uleb128 0x410a
 478 008d 00       		.byte	0
 479 008e 02       		.uleb128 0x2
ARM GAS  C:\Users\RRAMIR~1\AppData\Local\Temp\ccWwtnDF.s 			page 10


 480 008f 18       		.uleb128 0x18
 481 0090 9142     		.uleb128 0x2111
 482 0092 18       		.uleb128 0x18
 483 0093 00       		.byte	0
 484 0094 00       		.byte	0
 485 0095 0B       		.uleb128 0xb
 486 0096 898201   		.uleb128 0x4109
 487 0099 01       		.byte	0x1
 488 009a 11       		.uleb128 0x11
 489 009b 01       		.uleb128 0x1
 490 009c 31       		.uleb128 0x31
 491 009d 13       		.uleb128 0x13
 492 009e 00       		.byte	0
 493 009f 00       		.byte	0
 494 00a0 0C       		.uleb128 0xc
 495 00a1 34       		.uleb128 0x34
 496 00a2 00       		.byte	0
 497 00a3 03       		.uleb128 0x3
 498 00a4 0E       		.uleb128 0xe
 499 00a5 3A       		.uleb128 0x3a
 500 00a6 0B       		.uleb128 0xb
 501 00a7 3B       		.uleb128 0x3b
 502 00a8 05       		.uleb128 0x5
 503 00a9 49       		.uleb128 0x49
 504 00aa 13       		.uleb128 0x13
 505 00ab 3F       		.uleb128 0x3f
 506 00ac 19       		.uleb128 0x19
 507 00ad 3C       		.uleb128 0x3c
 508 00ae 19       		.uleb128 0x19
 509 00af 00       		.byte	0
 510 00b0 00       		.byte	0
 511 00b1 0D       		.uleb128 0xd
 512 00b2 35       		.uleb128 0x35
 513 00b3 00       		.byte	0
 514 00b4 49       		.uleb128 0x49
 515 00b5 13       		.uleb128 0x13
 516 00b6 00       		.byte	0
 517 00b7 00       		.byte	0
 518 00b8 0E       		.uleb128 0xe
 519 00b9 34       		.uleb128 0x34
 520 00ba 00       		.byte	0
 521 00bb 03       		.uleb128 0x3
 522 00bc 08       		.uleb128 0x8
 523 00bd 3A       		.uleb128 0x3a
 524 00be 0B       		.uleb128 0xb
 525 00bf 3B       		.uleb128 0x3b
 526 00c0 0B       		.uleb128 0xb
 527 00c1 49       		.uleb128 0x49
 528 00c2 13       		.uleb128 0x13
 529 00c3 3F       		.uleb128 0x3f
 530 00c4 19       		.uleb128 0x19
 531 00c5 02       		.uleb128 0x2
 532 00c6 18       		.uleb128 0x18
 533 00c7 00       		.byte	0
 534 00c8 00       		.byte	0
 535 00c9 0F       		.uleb128 0xf
 536 00ca 01       		.uleb128 0x1
ARM GAS  C:\Users\RRAMIR~1\AppData\Local\Temp\ccWwtnDF.s 			page 11


 537 00cb 01       		.byte	0x1
 538 00cc 49       		.uleb128 0x49
 539 00cd 13       		.uleb128 0x13
 540 00ce 01       		.uleb128 0x1
 541 00cf 13       		.uleb128 0x13
 542 00d0 00       		.byte	0
 543 00d1 00       		.byte	0
 544 00d2 10       		.uleb128 0x10
 545 00d3 21       		.uleb128 0x21
 546 00d4 00       		.byte	0
 547 00d5 49       		.uleb128 0x49
 548 00d6 13       		.uleb128 0x13
 549 00d7 2F       		.uleb128 0x2f
 550 00d8 0B       		.uleb128 0xb
 551 00d9 00       		.byte	0
 552 00da 00       		.byte	0
 553 00db 11       		.uleb128 0x11
 554 00dc 34       		.uleb128 0x34
 555 00dd 00       		.byte	0
 556 00de 03       		.uleb128 0x3
 557 00df 0E       		.uleb128 0xe
 558 00e0 3A       		.uleb128 0x3a
 559 00e1 0B       		.uleb128 0xb
 560 00e2 3B       		.uleb128 0x3b
 561 00e3 0B       		.uleb128 0xb
 562 00e4 49       		.uleb128 0x49
 563 00e5 13       		.uleb128 0x13
 564 00e6 3F       		.uleb128 0x3f
 565 00e7 19       		.uleb128 0x19
 566 00e8 02       		.uleb128 0x2
 567 00e9 18       		.uleb128 0x18
 568 00ea 00       		.byte	0
 569 00eb 00       		.byte	0
 570 00ec 12       		.uleb128 0x12
 571 00ed 2E       		.uleb128 0x2e
 572 00ee 00       		.byte	0
 573 00ef 3F       		.uleb128 0x3f
 574 00f0 19       		.uleb128 0x19
 575 00f1 3C       		.uleb128 0x3c
 576 00f2 19       		.uleb128 0x19
 577 00f3 6E       		.uleb128 0x6e
 578 00f4 0E       		.uleb128 0xe
 579 00f5 03       		.uleb128 0x3
 580 00f6 0E       		.uleb128 0xe
 581 00f7 3A       		.uleb128 0x3a
 582 00f8 0B       		.uleb128 0xb
 583 00f9 3B       		.uleb128 0x3b
 584 00fa 0B       		.uleb128 0xb
 585 00fb 00       		.byte	0
 586 00fc 00       		.byte	0
 587 00fd 00       		.byte	0
 588              		.section	.debug_loc,"",%progbits
 589              	.Ldebug_loc0:
 590              	.LLST0:
 591 0000 1A000000 		.4byte	.LVL4
 592 0004 22000000 		.4byte	.LVL5
 593 0008 0100     		.2byte	0x1
ARM GAS  C:\Users\RRAMIR~1\AppData\Local\Temp\ccWwtnDF.s 			page 12


 594 000a 50       		.byte	0x50
 595 000b 00000000 		.4byte	0
 596 000f 00000000 		.4byte	0
 597              		.section	.debug_aranges,"",%progbits
 598 0000 1C000000 		.4byte	0x1c
 599 0004 0200     		.2byte	0x2
 600 0006 00000000 		.4byte	.Ldebug_info0
 601 000a 04       		.byte	0x4
 602 000b 00       		.byte	0
 603 000c 0000     		.2byte	0
 604 000e 0000     		.2byte	0
 605 0010 00000000 		.4byte	.LFB64
 606 0014 40000000 		.4byte	.LFE64-.LFB64
 607 0018 00000000 		.4byte	0
 608 001c 00000000 		.4byte	0
 609              		.section	.debug_ranges,"",%progbits
 610              	.Ldebug_ranges0:
 611 0000 00000000 		.4byte	.LFB64
 612 0004 40000000 		.4byte	.LFE64
 613 0008 00000000 		.4byte	0
 614 000c 00000000 		.4byte	0
 615              		.section	.debug_line,"",%progbits
 616              	.Ldebug_line0:
 617 0000 15020000 		.section	.debug_str,"MS",%progbits,1
 617      0200DF01 
 617      00000201 
 617      FB0E0D00 
 617      01010101 
 618              	.LASF30:
 619 0000 433A5C55 		.ascii	"C:\\Users\\RRamirezC\\Documents\\PSoC Creator\\ADC_"
 619      73657273 
 619      5C525261 
 619      6D697265 
 619      7A435C44 
 620 002e 55415254 		.ascii	"UART\\ADC_UART.cydsn\000"
 620      5C414443 
 620      5F554152 
 620      542E6379 
 620      64736E00 
 621              	.LASF20:
 622 0042 55415254 		.ascii	"UART_1_Start\000"
 622      5F315F53 
 622      74617274 
 622      00
 623              	.LASF9:
 624 004f 5F5F696E 		.ascii	"__int32_t\000"
 624      7433325F 
 624      7400
 625              	.LASF14:
 626 0059 646F7562 		.ascii	"double\000"
 626      6C6500
 627              	.LASF13:
 628 0060 666C6F61 		.ascii	"float\000"
 628      7400
 629              	.LASF11:
 630 0066 75696E74 		.ascii	"uint8\000"
 630      3800
ARM GAS  C:\Users\RRAMIR~1\AppData\Local\Temp\ccWwtnDF.s 			page 13


 631              	.LASF1:
 632 006c 756E7369 		.ascii	"unsigned char\000"
 632      676E6564 
 632      20636861 
 632      7200
 633              	.LASF28:
 634 007a 474E5520 		.ascii	"GNU C11 5.4.1 20160609 (release) [ARM/embedded-5-br"
 634      43313120 
 634      352E342E 
 634      31203230 
 634      31363036 
 635 00ad 616E6368 		.ascii	"anch revision 237715] -mcpu=cortex-m3 -mthumb -g -O"
 635      20726576 
 635      6973696F 
 635      6E203233 
 635      37373135 
 636 00e0 67202D66 		.ascii	"g -ffunction-sections -ffat-lto-objects\000"
 636      66756E63 
 636      74696F6E 
 636      2D736563 
 636      74696F6E 
 637              	.LASF22:
 638 0108 4144435F 		.ascii	"ADC_StartConvert\000"
 638      53746172 
 638      74436F6E 
 638      76657274 
 638      00
 639              	.LASF12:
 640 0119 696E7431 		.ascii	"int16\000"
 640      3600
 641              	.LASF23:
 642 011f 4144435F 		.ascii	"ADC_IsEndConversion\000"
 642      4973456E 
 642      64436F6E 
 642      76657273 
 642      696F6E00 
 643              	.LASF3:
 644 0133 73686F72 		.ascii	"short unsigned int\000"
 644      7420756E 
 644      7369676E 
 644      65642069 
 644      6E7400
 645              	.LASF24:
 646 0146 4144435F 		.ascii	"ADC_GetResult16\000"
 646      47657452 
 646      6573756C 
 646      74313600 
 647              	.LASF18:
 648 0156 49544D5F 		.ascii	"ITM_RxBuffer\000"
 648      52784275 
 648      66666572 
 648      00
 649              	.LASF5:
 650 0163 6C6F6E67 		.ascii	"long unsigned int\000"
 650      20756E73 
 650      69676E65 
 650      6420696E 
ARM GAS  C:\Users\RRAMIR~1\AppData\Local\Temp\ccWwtnDF.s 			page 14


 650      7400
 651              	.LASF31:
 652 0175 6D61696E 		.ascii	"main\000"
 652      00
 653              	.LASF8:
 654 017a 756E7369 		.ascii	"unsigned int\000"
 654      676E6564 
 654      20696E74 
 654      00
 655              	.LASF7:
 656 0187 6C6F6E67 		.ascii	"long long unsigned int\000"
 656      206C6F6E 
 656      6720756E 
 656      7369676E 
 656      65642069 
 657              	.LASF21:
 658 019e 4144435F 		.ascii	"ADC_Start\000"
 658      53746172 
 658      7400
 659              	.LASF10:
 660 01a8 696E7433 		.ascii	"int32_t\000"
 660      325F7400 
 661              	.LASF17:
 662 01b0 73697A65 		.ascii	"sizetype\000"
 662      74797065 
 662      00
 663              	.LASF32:
 664 01b9 506F745F 		.ascii	"Pot_val\000"
 664      76616C00 
 665              	.LASF6:
 666 01c1 6C6F6E67 		.ascii	"long long int\000"
 666      206C6F6E 
 666      6720696E 
 666      7400
 667              	.LASF29:
 668 01cf 6D61696E 		.ascii	"main.c\000"
 668      2E6300
 669              	.LASF15:
 670 01d6 63686172 		.ascii	"char\000"
 670      00
 671              	.LASF2:
 672 01db 73686F72 		.ascii	"short int\000"
 672      7420696E 
 672      7400
 673              	.LASF19:
 674 01e5 7472616E 		.ascii	"transmitBuffer\000"
 674      736D6974 
 674      42756666 
 674      657200
 675              	.LASF4:
 676 01f4 6C6F6E67 		.ascii	"long int\000"
 676      20696E74 
 676      00
 677              	.LASF16:
 678 01fd 6C6F6E67 		.ascii	"long double\000"
 678      20646F75 
 678      626C6500 
ARM GAS  C:\Users\RRAMIR~1\AppData\Local\Temp\ccWwtnDF.s 			page 15


 679              	.LASF0:
 680 0209 7369676E 		.ascii	"signed char\000"
 680      65642063 
 680      68617200 
 681              	.LASF26:
 682 0215 55415254 		.ascii	"UART_1_PutString\000"
 682      5F315F50 
 682      75745374 
 682      72696E67 
 682      00
 683              	.LASF25:
 684 0226 73707269 		.ascii	"sprintf\000"
 684      6E746600 
 685              	.LASF27:
 686 022e 43794465 		.ascii	"CyDelay\000"
 686      6C617900 
 687              		.ident	"GCC: (GNU Tools for ARM Embedded Processors) 5.4.1 20160609 (release) [ARM/embedded-5-bran
