ARM GAS  C:\Users\RRAMIR~1\AppData\Local\Temp\cciLnch6.s 			page 1


   1              		.syntax unified
   2              		.cpu cortex-m3
   3              		.fpu softvfp
   4              		.eabi_attribute 20, 1
   5              		.eabi_attribute 21, 1
   6              		.eabi_attribute 23, 3
   7              		.eabi_attribute 24, 1
   8              		.eabi_attribute 25, 1
   9              		.eabi_attribute 26, 1
  10              		.eabi_attribute 30, 1
  11              		.eabi_attribute 34, 1
  12              		.eabi_attribute 18, 4
  13              		.thumb
  14              		.syntax unified
  15              		.file	"cymetadata.c"
  16              		.text
  17              	.Ltext0:
  18              		.cfi_sections	.debug_frame
  19              		.global	cy_metadata
  20              		.global	cy_meta_flashprotect
  21              		.global	cy_meta_wonvl
  22              		.global	cy_meta_custnvl
  23              		.global	cy_meta_configecc
  24              		.section	.cyconfigecc,"a",%progbits
  25              		.align	2
  26              		.type	cy_meta_configecc, %object
  27              		.size	cy_meta_configecc, 856
  28              	cy_meta_configecc:
  29 0000 02       		.byte	2
  30 0001 52       		.byte	82
  31 0002 00       		.byte	0
  32 0003 40       		.byte	64
  33 0004 03       		.byte	3
  34 0005 65       		.byte	101
  35 0006 00       		.byte	0
  36 0007 40       		.byte	64
  37 0008 01       		.byte	1
  38 0009 15       		.byte	21
  39 000a 01       		.byte	1
  40 000b 40       		.byte	64
  41 000c 14       		.byte	20
  42 000d 18       		.byte	24
  43 000e 01       		.byte	1
  44 000f 40       		.byte	64
  45 0010 43       		.byte	67
  46 0011 19       		.byte	25
  47 0012 01       		.byte	1
  48 0013 40       		.byte	64
  49 0014 71       		.byte	113
  50 0015 1A       		.byte	26
  51 0016 01       		.byte	1
  52 0017 40       		.byte	64
  53 0018 56       		.byte	86
  54 0019 1B       		.byte	27
  55 001a 01       		.byte	1
  56 001b 40       		.byte	64
  57 001c 02       		.byte	2
ARM GAS  C:\Users\RRAMIR~1\AppData\Local\Temp\cciLnch6.s 			page 2


  58 001d 40       		.byte	64
  59 001e 01       		.byte	1
  60 001f 40       		.byte	64
  61 0020 01       		.byte	1
  62 0021 41       		.byte	65
  63 0022 01       		.byte	1
  64 0023 40       		.byte	64
  65 0024 01       		.byte	1
  66 0025 42       		.byte	66
  67 0026 01       		.byte	1
  68 0027 40       		.byte	64
  69 0028 01       		.byte	1
  70 0029 43       		.byte	67
  71 002a 01       		.byte	1
  72 002b 40       		.byte	64
  73 002c 01       		.byte	1
  74 002d 48       		.byte	72
  75 002e 01       		.byte	1
  76 002f 40       		.byte	64
  77 0030 02       		.byte	2
  78 0031 49       		.byte	73
  79 0032 01       		.byte	1
  80 0033 40       		.byte	64
  81 0034 03       		.byte	3
  82 0035 4C       		.byte	76
  83 0036 01       		.byte	1
  84 0037 40       		.byte	64
  85 0038 08       		.byte	8
  86 0039 4D       		.byte	77
  87 003a 01       		.byte	1
  88 003b 40       		.byte	64
  89 003c 02       		.byte	2
  90 003d 50       		.byte	80
  91 003e 01       		.byte	1
  92 003f 40       		.byte	64
  93 0040 01       		.byte	1
  94 0041 51       		.byte	81
  95 0042 01       		.byte	1
  96 0043 40       		.byte	64
  97 0044 61       		.byte	97
  98 0045 80       		.byte	-128
  99 0046 64       		.byte	100
 100 0047 40       		.byte	64
 101 0048 88       		.byte	-120
 102 0049 72       		.byte	114
 103 004a 89       		.byte	-119
 104 004b 38       		.byte	56
 105 004c 8B       		.byte	-117
 106 004d 0F       		.byte	15
 107 004e EE       		.byte	-18
 108 004f 08       		.byte	8
 109 0050 82       		.byte	-126
 110 0051 08       		.byte	8
 111 0052 86       		.byte	-122
 112 0053 02       		.byte	2
 113 0054 95       		.byte	-107
 114 0055 01       		.byte	1
ARM GAS  C:\Users\RRAMIR~1\AppData\Local\Temp\cciLnch6.s 			page 3


 115 0056 98       		.byte	-104
 116 0057 04       		.byte	4
 117 0058 A2       		.byte	-94
 118 0059 02       		.byte	2
 119 005a A4       		.byte	-92
 120 005b 01       		.byte	1
 121 005c A8       		.byte	-88
 122 005d 01       		.byte	1
 123 005e AC       		.byte	-84
 124 005f 01       		.byte	1
 125 0060 B0       		.byte	-80
 126 0061 02       		.byte	2
 127 0062 B2       		.byte	-78
 128 0063 08       		.byte	8
 129 0064 B4       		.byte	-76
 130 0065 01       		.byte	1
 131 0066 B5       		.byte	-75
 132 0067 01       		.byte	1
 133 0068 B6       		.byte	-74
 134 0069 04       		.byte	4
 135 006a BE       		.byte	-66
 136 006b 41       		.byte	65
 137 006c BF       		.byte	-65
 138 006d 10       		.byte	16
 139 006e D4       		.byte	-44
 140 006f 18       		.byte	24
 141 0070 D8       		.byte	-40
 142 0071 04       		.byte	4
 143 0072 D9       		.byte	-39
 144 0073 04       		.byte	4
 145 0074 DB       		.byte	-37
 146 0075 04       		.byte	4
 147 0076 DF       		.byte	-33
 148 0077 01       		.byte	1
 149 0078 00       		.byte	0
 150 0079 02       		.byte	2
 151 007a 02       		.byte	2
 152 007b 20       		.byte	32
 153 007c 05       		.byte	5
 154 007d 21       		.byte	33
 155 007e 06       		.byte	6
 156 007f 02       		.byte	2
 157 0080 07       		.byte	7
 158 0081 10       		.byte	16
 159 0082 0A       		.byte	10
 160 0083 08       		.byte	8
 161 0084 0C       		.byte	12
 162 0085 40       		.byte	64
 163 0086 0E       		.byte	14
 164 0087 0A       		.byte	10
 165 0088 0F       		.byte	15
 166 0089 20       		.byte	32
 167 008a 10       		.byte	16
 168 008b A2       		.byte	-94
 169 008c 11       		.byte	17
 170 008d 10       		.byte	16
 171 008e 14       		.byte	20
ARM GAS  C:\Users\RRAMIR~1\AppData\Local\Temp\cciLnch6.s 			page 4


 172 008f 80       		.byte	-128
 173 0090 16       		.byte	22
 174 0091 01       		.byte	1
 175 0092 17       		.byte	23
 176 0093 28       		.byte	40
 177 0094 19       		.byte	25
 178 0095 08       		.byte	8
 179 0096 1A       		.byte	26
 180 0097 01       		.byte	1
 181 0098 1B       		.byte	27
 182 0099 11       		.byte	17
 183 009a 1C       		.byte	28
 184 009b 10       		.byte	16
 185 009c 1D       		.byte	29
 186 009d 21       		.byte	33
 187 009e 1E       		.byte	30
 188 009f 0A       		.byte	10
 189 00a0 1F       		.byte	31
 190 00a1 01       		.byte	1
 191 00a2 23       		.byte	35
 192 00a3 04       		.byte	4
 193 00a4 26       		.byte	38
 194 00a5 20       		.byte	32
 195 00a6 27       		.byte	39
 196 00a7 11       		.byte	17
 197 00a8 2D       		.byte	45
 198 00a9 28       		.byte	40
 199 00aa 2E       		.byte	46
 200 00ab 42       		.byte	66
 201 00ac 30       		.byte	48
 202 00ad 08       		.byte	8
 203 00ae 34       		.byte	52
 204 00af 80       		.byte	-128
 205 00b0 35       		.byte	53
 206 00b1 05       		.byte	5
 207 00b2 37       		.byte	55
 208 00b3 10       		.byte	16
 209 00b4 3A       		.byte	58
 210 00b5 01       		.byte	1
 211 00b6 3B       		.byte	59
 212 00b7 01       		.byte	1
 213 00b8 3E       		.byte	62
 214 00b9 88       		.byte	-120
 215 00ba 3F       		.byte	63
 216 00bb 21       		.byte	33
 217 00bc 44       		.byte	68
 218 00bd 40       		.byte	64
 219 00be 45       		.byte	69
 220 00bf 20       		.byte	32
 221 00c0 46       		.byte	70
 222 00c1 80       		.byte	-128
 223 00c2 47       		.byte	71
 224 00c3 40       		.byte	64
 225 00c4 4C       		.byte	76
 226 00c5 80       		.byte	-128
 227 00c6 4F       		.byte	79
 228 00c7 60       		.byte	96
ARM GAS  C:\Users\RRAMIR~1\AppData\Local\Temp\cciLnch6.s 			page 5


 229 00c8 57       		.byte	87
 230 00c9 40       		.byte	64
 231 00ca 5B       		.byte	91
 232 00cb 01       		.byte	1
 233 00cc 5C       		.byte	92
 234 00cd 10       		.byte	16
 235 00ce 60       		.byte	96
 236 00cf 04       		.byte	4
 237 00d0 63       		.byte	99
 238 00d1 02       		.byte	2
 239 00d2 6C       		.byte	108
 240 00d3 22       		.byte	34
 241 00d4 6D       		.byte	109
 242 00d5 10       		.byte	16
 243 00d6 6E       		.byte	110
 244 00d7 04       		.byte	4
 245 00d8 75       		.byte	117
 246 00d9 04       		.byte	4
 247 00da 76       		.byte	118
 248 00db 09       		.byte	9
 249 00dc 77       		.byte	119
 250 00dd 28       		.byte	40
 251 00de 86       		.byte	-122
 252 00df 01       		.byte	1
 253 00e0 8A       		.byte	-118
 254 00e1 20       		.byte	32
 255 00e2 8B       		.byte	-117
 256 00e3 40       		.byte	64
 257 00e4 8D       		.byte	-115
 258 00e5 20       		.byte	32
 259 00e6 8E       		.byte	-114
 260 00e7 40       		.byte	64
 261 00e8 C0       		.byte	-64
 262 00e9 FC       		.byte	-4
 263 00ea C2       		.byte	-62
 264 00eb E2       		.byte	-30
 265 00ec C4       		.byte	-60
 266 00ed FF       		.byte	-1
 267 00ee CA       		.byte	-54
 268 00ef F0       		.byte	-16
 269 00f0 CC       		.byte	-52
 270 00f1 F2       		.byte	-14
 271 00f2 CE       		.byte	-50
 272 00f3 F0       		.byte	-16
 273 00f4 D0       		.byte	-48
 274 00f5 B0       		.byte	-80
 275 00f6 D2       		.byte	-46
 276 00f7 30       		.byte	48
 277 00f8 D6       		.byte	-42
 278 00f9 21       		.byte	33
 279 00fa D8       		.byte	-40
 280 00fb 0C       		.byte	12
 281 00fc E0       		.byte	-32
 282 00fd 08       		.byte	8
 283 00fe 00       		.byte	0
 284 00ff 0C       		.byte	12
 285 0100 02       		.byte	2
ARM GAS  C:\Users\RRAMIR~1\AppData\Local\Temp\cciLnch6.s 			page 6


 286 0101 71       		.byte	113
 287 0102 04       		.byte	4
 288 0103 10       		.byte	16
 289 0104 05       		.byte	5
 290 0105 80       		.byte	-128
 291 0106 06       		.byte	6
 292 0107 AC       		.byte	-84
 293 0108 07       		.byte	7
 294 0109 13       		.byte	19
 295 010a 0F       		.byte	15
 296 010b 0C       		.byte	12
 297 010c 10       		.byte	16
 298 010d 09       		.byte	9
 299 010e 12       		.byte	18
 300 010f D0       		.byte	-48
 301 0110 14       		.byte	20
 302 0111 14       		.byte	20
 303 0112 15       		.byte	21
 304 0113 2C       		.byte	44
 305 0114 17       		.byte	23
 306 0115 43       		.byte	67
 307 0116 19       		.byte	25
 308 0117 71       		.byte	113
 309 0118 1A       		.byte	26
 310 0119 03       		.byte	3
 311 011a 1B       		.byte	27
 312 011b 06       		.byte	6
 313 011c 1F       		.byte	31
 314 011d 08       		.byte	8
 315 011e 20       		.byte	32
 316 011f 10       		.byte	16
 317 0120 21       		.byte	33
 318 0121 71       		.byte	113
 319 0122 22       		.byte	34
 320 0123 40       		.byte	64
 321 0124 23       		.byte	35
 322 0125 0E       		.byte	14
 323 0126 26       		.byte	38
 324 0127 20       		.byte	32
 325 0128 28       		.byte	40
 326 0129 DC       		.byte	-36
 327 012a 2A       		.byte	42
 328 012b 22       		.byte	34
 329 012c 30       		.byte	48
 330 012d E0       		.byte	-32
 331 012e 31       		.byte	49
 332 012f C0       		.byte	-64
 333 0130 33       		.byte	51
 334 0131 0F       		.byte	15
 335 0132 34       		.byte	52
 336 0133 1F       		.byte	31
 337 0134 35       		.byte	53
 338 0135 30       		.byte	48
 339 0136 39       		.byte	57
 340 0137 22       		.byte	34
 341 0138 3A       		.byte	58
 342 0139 02       		.byte	2
ARM GAS  C:\Users\RRAMIR~1\AppData\Local\Temp\cciLnch6.s 			page 7


 343 013a 3B       		.byte	59
 344 013b 08       		.byte	8
 345 013c 3F       		.byte	63
 346 013d 10       		.byte	16
 347 013e 40       		.byte	64
 348 013f 02       		.byte	2
 349 0140 45       		.byte	69
 350 0141 40       		.byte	64
 351 0142 49       		.byte	73
 352 0143 FF       		.byte	-1
 353 0144 4A       		.byte	74
 354 0145 07       		.byte	7
 355 0146 4B       		.byte	75
 356 0147 FF       		.byte	-1
 357 0148 4C       		.byte	76
 358 0149 40       		.byte	64
 359 014a 4D       		.byte	77
 360 014b 20       		.byte	32
 361 014c 4E       		.byte	78
 362 014d F0       		.byte	-16
 363 014e 4F       		.byte	79
 364 014f 05       		.byte	5
 365 0150 50       		.byte	80
 366 0151 08       		.byte	8
 367 0152 58       		.byte	88
 368 0153 04       		.byte	4
 369 0154 59       		.byte	89
 370 0155 04       		.byte	4
 371 0156 5A       		.byte	90
 372 0157 04       		.byte	4
 373 0158 5F       		.byte	95
 374 0159 01       		.byte	1
 375 015a 60       		.byte	96
 376 015b 40       		.byte	64
 377 015c 61       		.byte	97
 378 015d A8       		.byte	-88
 379 015e 62       		.byte	98
 380 015f 40       		.byte	64
 381 0160 63       		.byte	99
 382 0161 20       		.byte	32
 383 0162 80       		.byte	-128
 384 0163 13       		.byte	19
 385 0164 81       		.byte	-127
 386 0165 08       		.byte	8
 387 0166 82       		.byte	-126
 388 0167 04       		.byte	4
 389 0168 83       		.byte	-125
 390 0169 14       		.byte	20
 391 016a 84       		.byte	-124
 392 016b 20       		.byte	32
 393 016c 86       		.byte	-122
 394 016d C0       		.byte	-64
 395 016e 87       		.byte	-121
 396 016f 20       		.byte	32
 397 0170 88       		.byte	-120
 398 0171 13       		.byte	19
 399 0172 89       		.byte	-119
ARM GAS  C:\Users\RRAMIR~1\AppData\Local\Temp\cciLnch6.s 			page 8


 400 0173 18       		.byte	24
 401 0174 8A       		.byte	-118
 402 0175 0C       		.byte	12
 403 0176 8F       		.byte	-113
 404 0177 20       		.byte	32
 405 0178 92       		.byte	-110
 406 0179 08       		.byte	8
 407 017a 94       		.byte	-108
 408 017b 0A       		.byte	10
 409 017c 95       		.byte	-107
 410 017d 01       		.byte	1
 411 017e 96       		.byte	-106
 412 017f 14       		.byte	20
 413 0180 98       		.byte	-104
 414 0181 E0       		.byte	-32
 415 0182 9B       		.byte	-101
 416 0183 01       		.byte	1
 417 0184 9C       		.byte	-100
 418 0185 03       		.byte	3
 419 0186 9D       		.byte	-99
 420 0187 10       		.byte	16
 421 0188 9E       		.byte	-98
 422 0189 14       		.byte	20
 423 018a 9F       		.byte	-97
 424 018b 0C       		.byte	12
 425 018c A0       		.byte	-96
 426 018d 80       		.byte	-128
 427 018e A1       		.byte	-95
 428 018f 01       		.byte	1
 429 0190 A2       		.byte	-94
 430 0191 20       		.byte	32
 431 0192 A5       		.byte	-91
 432 0193 18       		.byte	24
 433 0194 A6       		.byte	-90
 434 0195 15       		.byte	21
 435 0196 A8       		.byte	-88
 436 0197 E0       		.byte	-32
 437 0198 AB       		.byte	-85
 438 0199 02       		.byte	2
 439 019a AC       		.byte	-84
 440 019b 40       		.byte	64
 441 019c AE       		.byte	-82
 442 019d 20       		.byte	32
 443 019e AF       		.byte	-81
 444 019f 01       		.byte	1
 445 01a0 B0       		.byte	-80
 446 01a1 10       		.byte	16
 447 01a2 B1       		.byte	-79
 448 01a3 06       		.byte	6
 449 01a4 B2       		.byte	-78
 450 01a5 E0       		.byte	-32
 451 01a6 B3       		.byte	-77
 452 01a7 01       		.byte	1
 453 01a8 B4       		.byte	-76
 454 01a9 0F       		.byte	15
 455 01aa B5       		.byte	-75
 456 01ab 20       		.byte	32
ARM GAS  C:\Users\RRAMIR~1\AppData\Local\Temp\cciLnch6.s 			page 9


 457 01ac B7       		.byte	-73
 458 01ad 18       		.byte	24
 459 01ae B9       		.byte	-71
 460 01af 08       		.byte	8
 461 01b0 BA       		.byte	-70
 462 01b1 20       		.byte	32
 463 01b2 BE       		.byte	-66
 464 01b3 01       		.byte	1
 465 01b4 BF       		.byte	-65
 466 01b5 11       		.byte	17
 467 01b6 C0       		.byte	-64
 468 01b7 36       		.byte	54
 469 01b8 C1       		.byte	-63
 470 01b9 01       		.byte	1
 471 01ba C5       		.byte	-59
 472 01bb 0B       		.byte	11
 473 01bc C6       		.byte	-58
 474 01bd 0C       		.byte	12
 475 01be C7       		.byte	-57
 476 01bf 0E       		.byte	14
 477 01c0 C8       		.byte	-56
 478 01c1 15       		.byte	21
 479 01c2 C9       		.byte	-55
 480 01c3 FF       		.byte	-1
 481 01c4 CA       		.byte	-54
 482 01c5 FF       		.byte	-1
 483 01c6 CB       		.byte	-53
 484 01c7 FF       		.byte	-1
 485 01c8 CE       		.byte	-50
 486 01c9 F0       		.byte	-16
 487 01ca CF       		.byte	-49
 488 01cb 44       		.byte	68
 489 01cc D0       		.byte	-48
 490 01cd 0C       		.byte	12
 491 01ce D4       		.byte	-44
 492 01cf 01       		.byte	1
 493 01d0 D8       		.byte	-40
 494 01d1 04       		.byte	4
 495 01d2 D9       		.byte	-39
 496 01d3 04       		.byte	4
 497 01d4 DA       		.byte	-38
 498 01d5 04       		.byte	4
 499 01d6 DB       		.byte	-37
 500 01d7 04       		.byte	4
 501 01d8 DF       		.byte	-33
 502 01d9 01       		.byte	1
 503 01da E6       		.byte	-26
 504 01db C0       		.byte	-64
 505 01dc EA       		.byte	-22
 506 01dd 40       		.byte	64
 507 01de EB       		.byte	-21
 508 01df 02       		.byte	2
 509 01e0 00       		.byte	0
 510 01e1 08       		.byte	8
 511 01e2 01       		.byte	1
 512 01e3 02       		.byte	2
 513 01e4 05       		.byte	5
ARM GAS  C:\Users\RRAMIR~1\AppData\Local\Temp\cciLnch6.s 			page 10


 514 01e5 16       		.byte	22
 515 01e6 0A       		.byte	10
 516 01e7 28       		.byte	40
 517 01e8 0B       		.byte	11
 518 01e9 40       		.byte	64
 519 01ea 0D       		.byte	13
 520 01eb 88       		.byte	-120
 521 01ec 0E       		.byte	14
 522 01ed 04       		.byte	4
 523 01ee 0F       		.byte	15
 524 01ef 40       		.byte	64
 525 01f0 10       		.byte	16
 526 01f1 80       		.byte	-128
 527 01f2 11       		.byte	17
 528 01f3 04       		.byte	4
 529 01f4 12       		.byte	18
 530 01f5 08       		.byte	8
 531 01f6 14       		.byte	20
 532 01f7 80       		.byte	-128
 533 01f8 15       		.byte	21
 534 01f9 14       		.byte	20
 535 01fa 16       		.byte	22
 536 01fb 02       		.byte	2
 537 01fc 19       		.byte	25
 538 01fd 02       		.byte	2
 539 01fe 1A       		.byte	26
 540 01ff 08       		.byte	8
 541 0200 1C       		.byte	28
 542 0201 08       		.byte	8
 543 0202 1D       		.byte	29
 544 0203 14       		.byte	20
 545 0204 1E       		.byte	30
 546 0205 40       		.byte	64
 547 0206 1F       		.byte	31
 548 0207 04       		.byte	4
 549 0208 21       		.byte	33
 550 0209 18       		.byte	24
 551 020a 22       		.byte	34
 552 020b 08       		.byte	8
 553 020c 23       		.byte	35
 554 020d 40       		.byte	64
 555 020e 24       		.byte	36
 556 020f 04       		.byte	4
 557 0210 25       		.byte	37
 558 0211 04       		.byte	4
 559 0212 26       		.byte	38
 560 0213 80       		.byte	-128
 561 0214 27       		.byte	39
 562 0215 40       		.byte	64
 563 0216 29       		.byte	41
 564 0217 02       		.byte	2
 565 0218 2A       		.byte	42
 566 0219 01       		.byte	1
 567 021a 2C       		.byte	44
 568 021b 40       		.byte	64
 569 021c 2D       		.byte	45
 570 021d 20       		.byte	32
ARM GAS  C:\Users\RRAMIR~1\AppData\Local\Temp\cciLnch6.s 			page 11


 571 021e 2E       		.byte	46
 572 021f 04       		.byte	4
 573 0220 2F       		.byte	47
 574 0221 05       		.byte	5
 575 0222 30       		.byte	48
 576 0223 90       		.byte	-112
 577 0224 31       		.byte	49
 578 0225 18       		.byte	24
 579 0226 34       		.byte	52
 580 0227 80       		.byte	-128
 581 0228 36       		.byte	54
 582 0229 84       		.byte	-124
 583 022a 37       		.byte	55
 584 022b 10       		.byte	16
 585 022c 38       		.byte	56
 586 022d 08       		.byte	8
 587 022e 39       		.byte	57
 588 022f 04       		.byte	4
 589 0230 3B       		.byte	59
 590 0231 40       		.byte	64
 591 0232 3D       		.byte	61
 592 0233 18       		.byte	24
 593 0234 3E       		.byte	62
 594 0235 02       		.byte	2
 595 0236 3F       		.byte	63
 596 0237 80       		.byte	-128
 597 0238 41       		.byte	65
 598 0239 10       		.byte	16
 599 023a 44       		.byte	68
 600 023b 10       		.byte	16
 601 023c 46       		.byte	70
 602 023d 01       		.byte	1
 603 023e 48       		.byte	72
 604 023f 80       		.byte	-128
 605 0240 4C       		.byte	76
 606 0241 04       		.byte	4
 607 0242 4E       		.byte	78
 608 0243 10       		.byte	16
 609 0244 50       		.byte	80
 610 0245 04       		.byte	4
 611 0246 54       		.byte	84
 612 0247 08       		.byte	8
 613 0248 55       		.byte	85
 614 0249 80       		.byte	-128
 615 024a 56       		.byte	86
 616 024b 40       		.byte	64
 617 024c 5E       		.byte	94
 618 024d 40       		.byte	64
 619 024e 5F       		.byte	95
 620 024f 15       		.byte	21
 621 0250 86       		.byte	-122
 622 0251 40       		.byte	64
 623 0252 87       		.byte	-121
 624 0253 10       		.byte	16
 625 0254 88       		.byte	-120
 626 0255 01       		.byte	1
 627 0256 8A       		.byte	-118
ARM GAS  C:\Users\RRAMIR~1\AppData\Local\Temp\cciLnch6.s 			page 12


 628 0257 02       		.byte	2
 629 0258 8C       		.byte	-116
 630 0259 08       		.byte	8
 631 025a 8F       		.byte	-113
 632 025b 01       		.byte	1
 633 025c 91       		.byte	-111
 634 025d 10       		.byte	16
 635 025e 92       		.byte	-110
 636 025f 04       		.byte	4
 637 0260 93       		.byte	-109
 638 0261 06       		.byte	6
 639 0262 94       		.byte	-108
 640 0263 04       		.byte	4
 641 0264 96       		.byte	-106
 642 0265 08       		.byte	8
 643 0266 98       		.byte	-104
 644 0267 40       		.byte	64
 645 0268 9B       		.byte	-101
 646 0269 10       		.byte	16
 647 026a 9C       		.byte	-100
 648 026b 80       		.byte	-128
 649 026c 9D       		.byte	-99
 650 026d 20       		.byte	32
 651 026e 9E       		.byte	-98
 652 026f 02       		.byte	2
 653 0270 9F       		.byte	-97
 654 0271 40       		.byte	64
 655 0272 A2       		.byte	-94
 656 0273 04       		.byte	4
 657 0274 A3       		.byte	-93
 658 0275 40       		.byte	64
 659 0276 A4       		.byte	-92
 660 0277 09       		.byte	9
 661 0278 C0       		.byte	-64
 662 0279 7C       		.byte	124
 663 027a C2       		.byte	-62
 664 027b FE       		.byte	-2
 665 027c C4       		.byte	-60
 666 027d FE       		.byte	-2
 667 027e CA       		.byte	-54
 668 027f F1       		.byte	-15
 669 0280 CC       		.byte	-52
 670 0281 7E       		.byte	126
 671 0282 CE       		.byte	-50
 672 0283 FA       		.byte	-6
 673 0284 D0       		.byte	-48
 674 0285 54       		.byte	84
 675 0286 D2       		.byte	-46
 676 0287 20       		.byte	32
 677 0288 D6       		.byte	-42
 678 0289 F0       		.byte	-16
 679 028a EE       		.byte	-18
 680 028b 08       		.byte	8
 681 028c 33       		.byte	51
 682 028d 20       		.byte	32
 683 028e CC       		.byte	-52
 684 028f 10       		.byte	16
ARM GAS  C:\Users\RRAMIR~1\AppData\Local\Temp\cciLnch6.s 			page 13


 685 0290 A7       		.byte	-89
 686 0291 20       		.byte	32
 687 0292 A7       		.byte	-89
 688 0293 20       		.byte	32
 689 0294 A7       		.byte	-89
 690 0295 20       		.byte	32
 691 0296 A7       		.byte	-89
 692 0297 20       		.byte	32
 693 0298 AF       		.byte	-81
 694 0299 20       		.byte	32
 695 029a EE       		.byte	-18
 696 029b 10       		.byte	16
 697 029c 1F       		.byte	31
 698 029d 80       		.byte	-128
 699 029e 87       		.byte	-121
 700 029f 10       		.byte	16
 701 02a0 C6       		.byte	-58
 702 02a1 01       		.byte	1
 703 02a2 10       		.byte	16
 704 02a3 40       		.byte	64
 705 02a4 73       		.byte	115
 706 02a5 10       		.byte	16
 707 02a6 88       		.byte	-120
 708 02a7 40       		.byte	64
 709 02a8 93       		.byte	-109
 710 02a9 10       		.byte	16
 711 02aa AF       		.byte	-81
 712 02ab 80       		.byte	-128
 713 02ac C4       		.byte	-60
 714 02ad 08       		.byte	8
 715 02ae DC       		.byte	-36
 716 02af 01       		.byte	1
 717 02b0 E2       		.byte	-30
 718 02b1 01       		.byte	1
 719 02b2 10       		.byte	16
 720 02b3 01       		.byte	1
 721 02b4 1C       		.byte	28
 722 02b5 01       		.byte	1
 723 02b6 00       		.byte	0
 724 02b7 03       		.byte	3
 725 02b8 1F       		.byte	31
 726 02b9 10       		.byte	16
 727 02ba 20       		.byte	32
 728 02bb 00       		.byte	0
 729 02bc 1C       		.byte	28
 730 02bd 08       		.byte	8
 731 02be 23       		.byte	35
 732 02bf 00       		.byte	0
 733 02c0 03       		.byte	3
 734 02c1 00       		.byte	0
 735 02c2 00       		.byte	0
 736 02c3 E3       		.byte	-29
 737 02c4 01       		.byte	1
 738 02c5 FF       		.byte	-1
 739 02c6 00       		.byte	0
 740 02c7 00       		.byte	0
 741 02c8 00       		.byte	0
ARM GAS  C:\Users\RRAMIR~1\AppData\Local\Temp\cciLnch6.s 			page 14


 742 02c9 1C       		.byte	28
 743 02ca 00       		.byte	0
 744 02cb E1       		.byte	-31
 745 02cc 00       		.byte	0
 746 02cd 18       		.byte	24
 747 02ce 23       		.byte	35
 748 02cf 00       		.byte	0
 749 02d0 33       		.byte	51
 750 02d1 3C       		.byte	60
 751 02d2 0C       		.byte	12
 752 02d3 C2       		.byte	-62
 753 02d4 3F       		.byte	63
 754 02d5 80       		.byte	-128
 755 02d6 00       		.byte	0
 756 02d7 00       		.byte	0
 757 02d8 02       		.byte	2
 758 02d9 44       		.byte	68
 759 02da 00       		.byte	0
 760 02db 00       		.byte	0
 761 02dc 04       		.byte	4
 762 02dd 00       		.byte	0
 763 02de 00       		.byte	0
 764 02df 04       		.byte	4
 765 02e0 0C       		.byte	12
 766 02e1 C0       		.byte	-64
 767 02e2 00       		.byte	0
 768 02e3 00       		.byte	0
 769 02e4 08       		.byte	8
 770 02e5 E7       		.byte	-25
 771 02e6 00       		.byte	0
 772 02e7 18       		.byte	24
 773 02e8 2C       		.byte	44
 774 02e9 00       		.byte	0
 775 02ea 10       		.byte	16
 776 02eb 1F       		.byte	31
 777 02ec 0F       		.byte	15
 778 02ed 38       		.byte	56
 779 02ee 00       		.byte	0
 780 02ef C0       		.byte	-64
 781 02f0 00       		.byte	0
 782 02f1 00       		.byte	0
 783 02f2 A2       		.byte	-94
 784 02f3 08       		.byte	8
 785 02f4 00       		.byte	0
 786 02f5 00       		.byte	0
 787 02f6 04       		.byte	4
 788 02f7 00       		.byte	0
 789 02f8 26       		.byte	38
 790 02f9 04       		.byte	4
 791 02fa 05       		.byte	5
 792 02fb 00       		.byte	0
 793 02fc 01       		.byte	1
 794 02fd C0       		.byte	-64
 795 02fe 0E       		.byte	14
 796 02ff 00       		.byte	0
 797 0300 06       		.byte	6
 798 0301 FF       		.byte	-1
ARM GAS  C:\Users\RRAMIR~1\AppData\Local\Temp\cciLnch6.s 			page 15


 799 0302 FF       		.byte	-1
 800 0303 FF       		.byte	-1
 801 0304 62       		.byte	98
 802 0305 A0       		.byte	-96
 803 0306 F0       		.byte	-16
 804 0307 41       		.byte	65
 805 0308 0C       		.byte	12
 806 0309 00       		.byte	0
 807 030a 00       		.byte	0
 808 030b 00       		.byte	0
 809 030c 00       		.byte	0
 810 030d 00       		.byte	0
 811 030e 02       		.byte	2
 812 030f 11       		.byte	17
 813 0310 04       		.byte	4
 814 0311 04       		.byte	4
 815 0312 04       		.byte	4
 816 0313 04       		.byte	4
 817 0314 00       		.byte	0
 818 0315 00       		.byte	0
 819 0316 00       		.byte	0
 820 0317 01       		.byte	1
 821 0318 00       		.byte	0
 822 0319 00       		.byte	0
 823 031a 00       		.byte	0
 824 031b 00       		.byte	0
 825 031c 00       		.byte	0
 826 031d 00       		.byte	0
 827 031e 40       		.byte	64
 828 031f 02       		.byte	2
 829 0320 00       		.byte	0
 830 0321 10       		.byte	16
 831 0322 30       		.byte	48
 832 0323 10       		.byte	16
 833 0324 00       		.byte	0
 834 0325 10       		.byte	16
 835 0326 10       		.byte	16
 836 0327 12       		.byte	18
 837 0328 00       		.byte	0
 838 0329 00       		.byte	0
 839 032a 00       		.byte	0
 840 032b 00       		.byte	0
 841 032c 00       		.byte	0
 842 032d 00       		.byte	0
 843 032e 00       		.byte	0
 844 032f 00       		.byte	0
 845 0330 00       		.byte	0
 846 0331 00       		.byte	0
 847 0332 00       		.byte	0
 848 0333 00       		.byte	0
 849 0334 00       		.byte	0
 850 0335 00       		.byte	0
 851 0336 00       		.byte	0
 852 0337 00       		.byte	0
 853 0338 80       		.byte	-128
 854 0339 00       		.byte	0
 855 033a 40       		.byte	64
ARM GAS  C:\Users\RRAMIR~1\AppData\Local\Temp\cciLnch6.s 			page 16


 856 033b 80       		.byte	-128
 857 033c 80       		.byte	-128
 858 033d 00       		.byte	0
 859 033e 80       		.byte	-128
 860 033f 00       		.byte	0
 861 0340 00       		.byte	0
 862 0341 00       		.byte	0
 863 0342 00       		.byte	0
 864 0343 00       		.byte	0
 865 0344 00       		.byte	0
 866 0345 0B       		.byte	11
 867 0346 0B       		.byte	11
 868 0347 00       		.byte	0
 869 0348 00       		.byte	0
 870 0349 00       		.byte	0
 871 034a 00       		.byte	0
 872 034b 00       		.byte	0
 873 034c 00       		.byte	0
 874 034d 00       		.byte	0
 875 034e 00       		.byte	0
 876 034f 00       		.byte	0
 877 0350 00       		.byte	0
 878 0351 00       		.byte	0
 879 0352 44       		.byte	68
 880 0353 00       		.byte	0
 881 0354 0E       		.byte	14
 882 0355 00       		.byte	0
 883 0356 18       		.byte	24
 884 0357 01       		.byte	1
 885              		.section	.cywolatch,"a",%progbits
 886              		.align	2
 887              		.type	cy_meta_wonvl, %object
 888              		.size	cy_meta_wonvl, 4
 889              	cy_meta_wonvl:
 890 0000 BC       		.byte	-68
 891 0001 90       		.byte	-112
 892 0002 AC       		.byte	-84
 893 0003 AF       		.byte	-81
 894              		.section	.cycustnvl,"a",%progbits
 895              		.align	2
 896              		.type	cy_meta_custnvl, %object
 897              		.size	cy_meta_custnvl, 4
 898              	cy_meta_custnvl:
 899 0000 00       		.byte	0
 900 0001 00       		.byte	0
 901 0002 40       		.byte	64
 902 0003 05       		.byte	5
 903              		.section	.cymeta,"a",%progbits
 904              		.align	2
 905              		.type	cy_metadata, %object
 906              		.size	cy_metadata, 12
 907              	cy_metadata:
 908 0000 00       		.byte	0
 909 0001 01       		.byte	1
 910 0002 2E       		.byte	46
 911 0003 16       		.byte	22
 912 0004 10       		.byte	16
ARM GAS  C:\Users\RRAMIR~1\AppData\Local\Temp\cciLnch6.s 			page 17


 913 0005 69       		.byte	105
 914 0006 00       		.byte	0
 915 0007 01       		.byte	1
 916 0008 00       		.byte	0
 917 0009 00       		.byte	0
 918 000a 00       		.byte	0
 919 000b 00       		.byte	0
 920              		.section	.cyflashprotect,"a",%progbits
 921              		.align	2
 922              		.type	cy_meta_flashprotect, %object
 923              		.size	cy_meta_flashprotect, 256
 924              	cy_meta_flashprotect:
 925 0000 00000000 		.space	256
 925      00000000 
 925      00000000 
 925      00000000 
 925      00000000 
 926              		.text
 927              	.Letext0:
 928              		.file 1 "c:\\program files (x86)\\cypress\\psoc creator\\4.3\\psoc creator\\import\\gnu\\arm\\5.4.
 929              		.file 2 "c:\\program files (x86)\\cypress\\psoc creator\\4.3\\psoc creator\\import\\gnu\\arm\\5.4.
 930              		.file 3 "Generated_Source\\PSoC5\\cymetadata.c"
 931              		.section	.debug_info,"",%progbits
 932              	.Ldebug_info0:
 933 0000 31010000 		.4byte	0x131
 934 0004 0400     		.2byte	0x4
 935 0006 00000000 		.4byte	.Ldebug_abbrev0
 936 000a 04       		.byte	0x4
 937 000b 01       		.uleb128 0x1
 938 000c 24000000 		.4byte	.LASF17
 939 0010 0C       		.byte	0xc
 940 0011 CF010000 		.4byte	.LASF18
 941 0015 D7000000 		.4byte	.LASF19
 942 0019 00000000 		.4byte	.Ldebug_line0
 943 001d 02       		.uleb128 0x2
 944 001e 01       		.byte	0x1
 945 001f 06       		.byte	0x6
 946 0020 C3010000 		.4byte	.LASF0
 947 0024 03       		.uleb128 0x3
 948 0025 00000000 		.4byte	.LASF9
 949 0029 01       		.byte	0x1
 950 002a 1D       		.byte	0x1d
 951 002b 2F000000 		.4byte	0x2f
 952 002f 02       		.uleb128 0x2
 953 0030 01       		.byte	0x1
 954 0031 08       		.byte	0x8
 955 0032 16000000 		.4byte	.LASF1
 956 0036 02       		.uleb128 0x2
 957 0037 02       		.byte	0x2
 958 0038 05       		.byte	0x5
 959 0039 B0010000 		.4byte	.LASF2
 960 003d 02       		.uleb128 0x2
 961 003e 02       		.byte	0x2
 962 003f 07       		.byte	0x7
 963 0040 C4000000 		.4byte	.LASF3
 964 0044 02       		.uleb128 0x2
 965 0045 04       		.byte	0x4
ARM GAS  C:\Users\RRAMIR~1\AppData\Local\Temp\cciLnch6.s 			page 18


 966 0046 05       		.byte	0x5
 967 0047 BA010000 		.4byte	.LASF4
 968 004b 02       		.uleb128 0x2
 969 004c 04       		.byte	0x4
 970 004d 07       		.byte	0x7
 971 004e B2000000 		.4byte	.LASF5
 972 0052 02       		.uleb128 0x2
 973 0053 08       		.byte	0x8
 974 0054 05       		.byte	0x5
 975 0055 A2010000 		.4byte	.LASF6
 976 0059 02       		.uleb128 0x2
 977 005a 08       		.byte	0x8
 978 005b 07       		.byte	0x7
 979 005c 57010000 		.4byte	.LASF7
 980 0060 04       		.uleb128 0x4
 981 0061 04       		.byte	0x4
 982 0062 05       		.byte	0x5
 983 0063 696E7400 		.ascii	"int\000"
 984 0067 02       		.uleb128 0x2
 985 0068 04       		.byte	0x4
 986 0069 07       		.byte	0x7
 987 006a 4A010000 		.4byte	.LASF8
 988 006e 03       		.uleb128 0x3
 989 006f 6E010000 		.4byte	.LASF10
 990 0073 02       		.byte	0x2
 991 0074 18       		.byte	0x18
 992 0075 24000000 		.4byte	0x24
 993 0079 05       		.uleb128 0x5
 994 007a 91000000 		.4byte	0x91
 995 007e 8A000000 		.4byte	0x8a
 996 0082 06       		.uleb128 0x6
 997 0083 8A000000 		.4byte	0x8a
 998 0087 5703     		.2byte	0x357
 999 0089 00       		.byte	0
 1000 008a 02       		.uleb128 0x2
 1001 008b 04       		.byte	0x4
 1002 008c 07       		.byte	0x7
 1003 008d 99010000 		.4byte	.LASF11
 1004 0091 07       		.uleb128 0x7
 1005 0092 6E000000 		.4byte	0x6e
 1006 0096 08       		.uleb128 0x8
 1007 0097 38010000 		.4byte	.LASF12
 1008 009b 03       		.byte	0x3
 1009 009c 1F       		.byte	0x1f
 1010 009d A7000000 		.4byte	0xa7
 1011 00a1 05       		.uleb128 0x5
 1012 00a2 03       		.byte	0x3
 1013 00a3 00000000 		.4byte	cy_meta_configecc
 1014 00a7 07       		.uleb128 0x7
 1015 00a8 79000000 		.4byte	0x79
 1016 00ac 05       		.uleb128 0x5
 1017 00ad 91000000 		.4byte	0x91
 1018 00b1 BC000000 		.4byte	0xbc
 1019 00b5 09       		.uleb128 0x9
 1020 00b6 8A000000 		.4byte	0x8a
 1021 00ba 03       		.byte	0x3
 1022 00bb 00       		.byte	0
ARM GAS  C:\Users\RRAMIR~1\AppData\Local\Temp\cciLnch6.s 			page 19


 1023 00bc 08       		.uleb128 0x8
 1024 00bd 28010000 		.4byte	.LASF13
 1025 00c1 03       		.byte	0x3
 1026 00c2 97       		.byte	0x97
 1027 00c3 CD000000 		.4byte	0xcd
 1028 00c7 05       		.uleb128 0x5
 1029 00c8 03       		.byte	0x3
 1030 00c9 00000000 		.4byte	cy_meta_custnvl
 1031 00cd 07       		.uleb128 0x7
 1032 00ce AC000000 		.4byte	0xac
 1033 00d2 08       		.uleb128 0x8
 1034 00d3 8B010000 		.4byte	.LASF14
 1035 00d7 03       		.byte	0x3
 1036 00d8 A5       		.byte	0xa5
 1037 00d9 E3000000 		.4byte	0xe3
 1038 00dd 05       		.uleb128 0x5
 1039 00de 03       		.byte	0x3
 1040 00df 00000000 		.4byte	cy_meta_wonvl
 1041 00e3 07       		.uleb128 0x7
 1042 00e4 AC000000 		.4byte	0xac
 1043 00e8 05       		.uleb128 0x5
 1044 00e9 91000000 		.4byte	0x91
 1045 00ed F8000000 		.4byte	0xf8
 1046 00f1 09       		.uleb128 0x9
 1047 00f2 8A000000 		.4byte	0x8a
 1048 00f6 FF       		.byte	0xff
 1049 00f7 00       		.byte	0
 1050 00f8 08       		.uleb128 0x8
 1051 00f9 76010000 		.4byte	.LASF15
 1052 00fd 03       		.byte	0x3
 1053 00fe B3       		.byte	0xb3
 1054 00ff 09010000 		.4byte	0x109
 1055 0103 05       		.uleb128 0x5
 1056 0104 03       		.byte	0x3
 1057 0105 00000000 		.4byte	cy_meta_flashprotect
 1058 0109 07       		.uleb128 0x7
 1059 010a E8000000 		.4byte	0xe8
 1060 010e 05       		.uleb128 0x5
 1061 010f 91000000 		.4byte	0x91
 1062 0113 1E010000 		.4byte	0x11e
 1063 0117 09       		.uleb128 0x9
 1064 0118 8A000000 		.4byte	0x8a
 1065 011c 0B       		.byte	0xb
 1066 011d 00       		.byte	0
 1067 011e 08       		.uleb128 0x8
 1068 011f 0A000000 		.4byte	.LASF16
 1069 0123 03       		.byte	0x3
 1070 0124 E0       		.byte	0xe0
 1071 0125 2F010000 		.4byte	0x12f
 1072 0129 05       		.uleb128 0x5
 1073 012a 03       		.byte	0x3
 1074 012b 00000000 		.4byte	cy_metadata
 1075 012f 07       		.uleb128 0x7
 1076 0130 0E010000 		.4byte	0x10e
 1077 0134 00       		.byte	0
 1078              		.section	.debug_abbrev,"",%progbits
 1079              	.Ldebug_abbrev0:
ARM GAS  C:\Users\RRAMIR~1\AppData\Local\Temp\cciLnch6.s 			page 20


 1080 0000 01       		.uleb128 0x1
 1081 0001 11       		.uleb128 0x11
 1082 0002 01       		.byte	0x1
 1083 0003 25       		.uleb128 0x25
 1084 0004 0E       		.uleb128 0xe
 1085 0005 13       		.uleb128 0x13
 1086 0006 0B       		.uleb128 0xb
 1087 0007 03       		.uleb128 0x3
 1088 0008 0E       		.uleb128 0xe
 1089 0009 1B       		.uleb128 0x1b
 1090 000a 0E       		.uleb128 0xe
 1091 000b 10       		.uleb128 0x10
 1092 000c 17       		.uleb128 0x17
 1093 000d 00       		.byte	0
 1094 000e 00       		.byte	0
 1095 000f 02       		.uleb128 0x2
 1096 0010 24       		.uleb128 0x24
 1097 0011 00       		.byte	0
 1098 0012 0B       		.uleb128 0xb
 1099 0013 0B       		.uleb128 0xb
 1100 0014 3E       		.uleb128 0x3e
 1101 0015 0B       		.uleb128 0xb
 1102 0016 03       		.uleb128 0x3
 1103 0017 0E       		.uleb128 0xe
 1104 0018 00       		.byte	0
 1105 0019 00       		.byte	0
 1106 001a 03       		.uleb128 0x3
 1107 001b 16       		.uleb128 0x16
 1108 001c 00       		.byte	0
 1109 001d 03       		.uleb128 0x3
 1110 001e 0E       		.uleb128 0xe
 1111 001f 3A       		.uleb128 0x3a
 1112 0020 0B       		.uleb128 0xb
 1113 0021 3B       		.uleb128 0x3b
 1114 0022 0B       		.uleb128 0xb
 1115 0023 49       		.uleb128 0x49
 1116 0024 13       		.uleb128 0x13
 1117 0025 00       		.byte	0
 1118 0026 00       		.byte	0
 1119 0027 04       		.uleb128 0x4
 1120 0028 24       		.uleb128 0x24
 1121 0029 00       		.byte	0
 1122 002a 0B       		.uleb128 0xb
 1123 002b 0B       		.uleb128 0xb
 1124 002c 3E       		.uleb128 0x3e
 1125 002d 0B       		.uleb128 0xb
 1126 002e 03       		.uleb128 0x3
 1127 002f 08       		.uleb128 0x8
 1128 0030 00       		.byte	0
 1129 0031 00       		.byte	0
 1130 0032 05       		.uleb128 0x5
 1131 0033 01       		.uleb128 0x1
 1132 0034 01       		.byte	0x1
 1133 0035 49       		.uleb128 0x49
 1134 0036 13       		.uleb128 0x13
 1135 0037 01       		.uleb128 0x1
 1136 0038 13       		.uleb128 0x13
ARM GAS  C:\Users\RRAMIR~1\AppData\Local\Temp\cciLnch6.s 			page 21


 1137 0039 00       		.byte	0
 1138 003a 00       		.byte	0
 1139 003b 06       		.uleb128 0x6
 1140 003c 21       		.uleb128 0x21
 1141 003d 00       		.byte	0
 1142 003e 49       		.uleb128 0x49
 1143 003f 13       		.uleb128 0x13
 1144 0040 2F       		.uleb128 0x2f
 1145 0041 05       		.uleb128 0x5
 1146 0042 00       		.byte	0
 1147 0043 00       		.byte	0
 1148 0044 07       		.uleb128 0x7
 1149 0045 26       		.uleb128 0x26
 1150 0046 00       		.byte	0
 1151 0047 49       		.uleb128 0x49
 1152 0048 13       		.uleb128 0x13
 1153 0049 00       		.byte	0
 1154 004a 00       		.byte	0
 1155 004b 08       		.uleb128 0x8
 1156 004c 34       		.uleb128 0x34
 1157 004d 00       		.byte	0
 1158 004e 03       		.uleb128 0x3
 1159 004f 0E       		.uleb128 0xe
 1160 0050 3A       		.uleb128 0x3a
 1161 0051 0B       		.uleb128 0xb
 1162 0052 3B       		.uleb128 0x3b
 1163 0053 0B       		.uleb128 0xb
 1164 0054 49       		.uleb128 0x49
 1165 0055 13       		.uleb128 0x13
 1166 0056 3F       		.uleb128 0x3f
 1167 0057 19       		.uleb128 0x19
 1168 0058 02       		.uleb128 0x2
 1169 0059 18       		.uleb128 0x18
 1170 005a 00       		.byte	0
 1171 005b 00       		.byte	0
 1172 005c 09       		.uleb128 0x9
 1173 005d 21       		.uleb128 0x21
 1174 005e 00       		.byte	0
 1175 005f 49       		.uleb128 0x49
 1176 0060 13       		.uleb128 0x13
 1177 0061 2F       		.uleb128 0x2f
 1178 0062 0B       		.uleb128 0xb
 1179 0063 00       		.byte	0
 1180 0064 00       		.byte	0
 1181 0065 00       		.byte	0
 1182              		.section	.debug_aranges,"",%progbits
 1183 0000 14000000 		.4byte	0x14
 1184 0004 0200     		.2byte	0x2
 1185 0006 00000000 		.4byte	.Ldebug_info0
 1186 000a 04       		.byte	0x4
 1187 000b 00       		.byte	0
 1188 000c 0000     		.2byte	0
 1189 000e 0000     		.2byte	0
 1190 0010 00000000 		.4byte	0
 1191 0014 00000000 		.4byte	0
 1192              		.section	.debug_line,"",%progbits
 1193              	.Ldebug_line0:
ARM GAS  C:\Users\RRAMIR~1\AppData\Local\Temp\cciLnch6.s 			page 22


 1194 0000 3D010000 		.section	.debug_str,"MS",%progbits,1
 1194      02003701 
 1194      00000201 
 1194      FB0E0D00 
 1194      01010101 
 1195              	.LASF9:
 1196 0000 5F5F7569 		.ascii	"__uint8_t\000"
 1196      6E74385F 
 1196      7400
 1197              	.LASF16:
 1198 000a 63795F6D 		.ascii	"cy_metadata\000"
 1198      65746164 
 1198      61746100 
 1199              	.LASF1:
 1200 0016 756E7369 		.ascii	"unsigned char\000"
 1200      676E6564 
 1200      20636861 
 1200      7200
 1201              	.LASF17:
 1202 0024 474E5520 		.ascii	"GNU C11 5.4.1 20160609 (release) [ARM/embedded-5-br"
 1202      43313120 
 1202      352E342E 
 1202      31203230 
 1202      31363036 
 1203 0057 616E6368 		.ascii	"anch revision 237715] -mcpu=cortex-m3 -mthumb -g -O"
 1203      20726576 
 1203      6973696F 
 1203      6E203233 
 1203      37373135 
 1204 008a 67202D66 		.ascii	"g -ffunction-sections -ffat-lto-objects\000"
 1204      66756E63 
 1204      74696F6E 
 1204      2D736563 
 1204      74696F6E 
 1205              	.LASF5:
 1206 00b2 6C6F6E67 		.ascii	"long unsigned int\000"
 1206      20756E73 
 1206      69676E65 
 1206      6420696E 
 1206      7400
 1207              	.LASF3:
 1208 00c4 73686F72 		.ascii	"short unsigned int\000"
 1208      7420756E 
 1208      7369676E 
 1208      65642069 
 1208      6E7400
 1209              	.LASF19:
 1210 00d7 433A5C55 		.ascii	"C:\\Users\\RRamirezC\\Documents\\PSoC Creator\\Tuto"
 1210      73657273 
 1210      5C525261 
 1210      6D697265 
 1210      7A435C44 
 1211 0105 7269616C 		.ascii	"rial_7a_VDAC\\VDAC_v1\\VDAC_v1.cydsn\000"
 1211      5F37615F 
 1211      56444143 
 1211      5C564441 
 1211      435F7631 
ARM GAS  C:\Users\RRAMIR~1\AppData\Local\Temp\cciLnch6.s 			page 23


 1212              	.LASF13:
 1213 0128 63795F6D 		.ascii	"cy_meta_custnvl\000"
 1213      6574615F 
 1213      63757374 
 1213      6E766C00 
 1214              	.LASF12:
 1215 0138 63795F6D 		.ascii	"cy_meta_configecc\000"
 1215      6574615F 
 1215      636F6E66 
 1215      69676563 
 1215      6300
 1216              	.LASF8:
 1217 014a 756E7369 		.ascii	"unsigned int\000"
 1217      676E6564 
 1217      20696E74 
 1217      00
 1218              	.LASF7:
 1219 0157 6C6F6E67 		.ascii	"long long unsigned int\000"
 1219      206C6F6E 
 1219      6720756E 
 1219      7369676E 
 1219      65642069 
 1220              	.LASF10:
 1221 016e 75696E74 		.ascii	"uint8_t\000"
 1221      385F7400 
 1222              	.LASF15:
 1223 0176 63795F6D 		.ascii	"cy_meta_flashprotect\000"
 1223      6574615F 
 1223      666C6173 
 1223      6870726F 
 1223      74656374 
 1224              	.LASF14:
 1225 018b 63795F6D 		.ascii	"cy_meta_wonvl\000"
 1225      6574615F 
 1225      776F6E76 
 1225      6C00
 1226              	.LASF11:
 1227 0199 73697A65 		.ascii	"sizetype\000"
 1227      74797065 
 1227      00
 1228              	.LASF6:
 1229 01a2 6C6F6E67 		.ascii	"long long int\000"
 1229      206C6F6E 
 1229      6720696E 
 1229      7400
 1230              	.LASF2:
 1231 01b0 73686F72 		.ascii	"short int\000"
 1231      7420696E 
 1231      7400
 1232              	.LASF4:
 1233 01ba 6C6F6E67 		.ascii	"long int\000"
 1233      20696E74 
 1233      00
 1234              	.LASF0:
 1235 01c3 7369676E 		.ascii	"signed char\000"
 1235      65642063 
 1235      68617200 
ARM GAS  C:\Users\RRAMIR~1\AppData\Local\Temp\cciLnch6.s 			page 24


 1236              	.LASF18:
 1237 01cf 47656E65 		.ascii	"Generated_Source\\PSoC5\\cymetadata.c\000"
 1237      72617465 
 1237      645F536F 
 1237      75726365 
 1237      5C50536F 
 1238              		.ident	"GCC: (GNU Tools for ARM Embedded Processors) 5.4.1 20160609 (release) [ARM/embedded-5-bran
