ARM GAS  C:\Users\RRAMIR~1\AppData\Local\Temp\ccCMjU1f.s 			page 1


   1              		.syntax unified
   2              		.cpu cortex-m3
   3              		.fpu softvfp
   4              		.eabi_attribute 20, 1
   5              		.eabi_attribute 21, 1
   6              		.eabi_attribute 23, 3
   7              		.eabi_attribute 24, 1
   8              		.eabi_attribute 25, 1
   9              		.eabi_attribute 26, 1
  10              		.eabi_attribute 30, 1
  11              		.eabi_attribute 34, 1
  12              		.eabi_attribute 18, 4
  13              		.thumb
  14              		.syntax unified
  15              		.file	"cymetadata.c"
  16              		.text
  17              	.Ltext0:
  18              		.cfi_sections	.debug_frame
  19              		.global	cy_metadata
  20              		.global	cy_meta_flashprotect
  21              		.global	cy_meta_wonvl
  22              		.global	cy_meta_custnvl
  23              		.global	cy_meta_configecc
  24              		.section	.cyconfigecc,"a",%progbits
  25              		.align	2
  26              		.type	cy_meta_configecc, %object
  27              		.size	cy_meta_configecc, 876
  28              	cy_meta_configecc:
  29 0000 02       		.byte	2
  30 0001 52       		.byte	82
  31 0002 00       		.byte	0
  32 0003 40       		.byte	64
  33 0004 01       		.byte	1
  34 0005 5A       		.byte	90
  35 0006 00       		.byte	0
  36 0007 40       		.byte	64
  37 0008 03       		.byte	3
  38 0009 65       		.byte	101
  39 000a 00       		.byte	0
  40 000b 40       		.byte	64
  41 000c 02       		.byte	2
  42 000d 15       		.byte	21
  43 000e 01       		.byte	1
  44 000f 40       		.byte	64
  45 0010 14       		.byte	20
  46 0011 18       		.byte	24
  47 0012 01       		.byte	1
  48 0013 40       		.byte	64
  49 0014 39       		.byte	57
  50 0015 19       		.byte	25
  51 0016 01       		.byte	1
  52 0017 40       		.byte	64
  53 0018 70       		.byte	112
  54 0019 1A       		.byte	26
  55 001a 01       		.byte	1
  56 001b 40       		.byte	64
  57 001c 54       		.byte	84
ARM GAS  C:\Users\RRAMIR~1\AppData\Local\Temp\ccCMjU1f.s 			page 2


  58 001d 1B       		.byte	27
  59 001e 01       		.byte	1
  60 001f 40       		.byte	64
  61 0020 04       		.byte	4
  62 0021 40       		.byte	64
  63 0022 01       		.byte	1
  64 0023 40       		.byte	64
  65 0024 02       		.byte	2
  66 0025 41       		.byte	65
  67 0026 01       		.byte	1
  68 0027 40       		.byte	64
  69 0028 02       		.byte	2
  70 0029 42       		.byte	66
  71 002a 01       		.byte	1
  72 002b 40       		.byte	64
  73 002c 02       		.byte	2
  74 002d 43       		.byte	67
  75 002e 01       		.byte	1
  76 002f 40       		.byte	64
  77 0030 02       		.byte	2
  78 0031 47       		.byte	71
  79 0032 01       		.byte	1
  80 0033 40       		.byte	64
  81 0034 05       		.byte	5
  82 0035 48       		.byte	72
  83 0036 01       		.byte	1
  84 0037 40       		.byte	64
  85 0038 03       		.byte	3
  86 0039 49       		.byte	73
  87 003a 01       		.byte	1
  88 003b 40       		.byte	64
  89 003c 04       		.byte	4
  90 003d 4C       		.byte	76
  91 003e 01       		.byte	1
  92 003f 40       		.byte	64
  93 0040 0A       		.byte	10
  94 0041 4D       		.byte	77
  95 0042 01       		.byte	1
  96 0043 40       		.byte	64
  97 0044 02       		.byte	2
  98 0045 50       		.byte	80
  99 0046 01       		.byte	1
 100 0047 40       		.byte	64
 101 0048 02       		.byte	2
 102 0049 51       		.byte	81
 103 004a 01       		.byte	1
 104 004b 40       		.byte	64
 105 004c 61       		.byte	97
 106 004d 80       		.byte	-128
 107 004e 64       		.byte	100
 108 004f 40       		.byte	64
 109 0050 9F       		.byte	-97
 110 0051 01       		.byte	1
 111 0052 88       		.byte	-120
 112 0053 72       		.byte	114
 113 0054 89       		.byte	-119
 114 0055 38       		.byte	56
ARM GAS  C:\Users\RRAMIR~1\AppData\Local\Temp\ccCMjU1f.s 			page 3


 115 0056 8B       		.byte	-117
 116 0057 0F       		.byte	15
 117 0058 EC       		.byte	-20
 118 0059 20       		.byte	32
 119 005a EE       		.byte	-18
 120 005b 08       		.byte	8
 121 005c 8A       		.byte	-118
 122 005d 04       		.byte	4
 123 005e 92       		.byte	-110
 124 005f 04       		.byte	4
 125 0060 96       		.byte	-106
 126 0061 02       		.byte	2
 127 0062 99       		.byte	-103
 128 0063 01       		.byte	1
 129 0064 9A       		.byte	-102
 130 0065 02       		.byte	2
 131 0066 A4       		.byte	-92
 132 0067 01       		.byte	1
 133 0068 A8       		.byte	-88
 134 0069 01       		.byte	1
 135 006a AC       		.byte	-84
 136 006b 01       		.byte	1
 137 006c B0       		.byte	-80
 138 006d 02       		.byte	2
 139 006e B2       		.byte	-78
 140 006f 04       		.byte	4
 141 0070 B5       		.byte	-75
 142 0071 01       		.byte	1
 143 0072 B6       		.byte	-74
 144 0073 01       		.byte	1
 145 0074 BB       		.byte	-69
 146 0075 08       		.byte	8
 147 0076 BE       		.byte	-66
 148 0077 05       		.byte	5
 149 0078 BF       		.byte	-65
 150 0079 10       		.byte	16
 151 007a D4       		.byte	-44
 152 007b 18       		.byte	24
 153 007c D8       		.byte	-40
 154 007d 04       		.byte	4
 155 007e D9       		.byte	-39
 156 007f 04       		.byte	4
 157 0080 DB       		.byte	-37
 158 0081 04       		.byte	4
 159 0082 DF       		.byte	-33
 160 0083 01       		.byte	1
 161 0084 03       		.byte	3
 162 0085 08       		.byte	8
 163 0086 04       		.byte	4
 164 0087 10       		.byte	16
 165 0088 05       		.byte	5
 166 0089 08       		.byte	8
 167 008a 06       		.byte	6
 168 008b 41       		.byte	65
 169 008c 07       		.byte	7
 170 008d 10       		.byte	16
 171 008e 09       		.byte	9
ARM GAS  C:\Users\RRAMIR~1\AppData\Local\Temp\ccCMjU1f.s 			page 4


 172 008f 11       		.byte	17
 173 0090 0A       		.byte	10
 174 0091 20       		.byte	32
 175 0092 0C       		.byte	12
 176 0093 10       		.byte	16
 177 0094 0E       		.byte	14
 178 0095 61       		.byte	97
 179 0096 0F       		.byte	15
 180 0097 10       		.byte	16
 181 0098 10       		.byte	16
 182 0099 22       		.byte	34
 183 009a 11       		.byte	17
 184 009b 10       		.byte	16
 185 009c 15       		.byte	21
 186 009d 01       		.byte	1
 187 009e 16       		.byte	22
 188 009f 02       		.byte	2
 189 00a0 17       		.byte	23
 190 00a1 28       		.byte	40
 191 00a2 1A       		.byte	26
 192 00a3 01       		.byte	1
 193 00a4 1B       		.byte	27
 194 00a5 45       		.byte	69
 195 00a6 1E       		.byte	30
 196 00a7 64       		.byte	100
 197 00a8 1F       		.byte	31
 198 00a9 44       		.byte	68
 199 00aa 20       		.byte	32
 200 00ab 18       		.byte	24
 201 00ac 21       		.byte	33
 202 00ad 08       		.byte	8
 203 00ae 22       		.byte	34
 204 00af 08       		.byte	8
 205 00b0 25       		.byte	37
 206 00b1 11       		.byte	17
 207 00b2 27       		.byte	39
 208 00b3 10       		.byte	16
 209 00b4 2E       		.byte	46
 210 00b5 0A       		.byte	10
 211 00b6 2F       		.byte	47
 212 00b7 04       		.byte	4
 213 00b8 33       		.byte	51
 214 00b9 20       		.byte	32
 215 00ba 35       		.byte	53
 216 00bb 40       		.byte	64
 217 00bc 36       		.byte	54
 218 00bd 0A       		.byte	10
 219 00be 37       		.byte	55
 220 00bf 10       		.byte	16
 221 00c0 3D       		.byte	61
 222 00c1 08       		.byte	8
 223 00c2 3E       		.byte	62
 224 00c3 60       		.byte	96
 225 00c4 45       		.byte	69
 226 00c5 18       		.byte	24
 227 00c6 47       		.byte	71
 228 00c7 40       		.byte	64
ARM GAS  C:\Users\RRAMIR~1\AppData\Local\Temp\ccCMjU1f.s 			page 5


 229 00c8 4E       		.byte	78
 230 00c9 12       		.byte	18
 231 00ca 4F       		.byte	79
 232 00cb 90       		.byte	-112
 233 00cc 57       		.byte	87
 234 00cd 08       		.byte	8
 235 00ce 5B       		.byte	91
 236 00cf 01       		.byte	1
 237 00d0 5E       		.byte	94
 238 00d1 04       		.byte	4
 239 00d2 63       		.byte	99
 240 00d3 0A       		.byte	10
 241 00d4 6C       		.byte	108
 242 00d5 22       		.byte	34
 243 00d6 6D       		.byte	109
 244 00d7 10       		.byte	16
 245 00d8 75       		.byte	117
 246 00d9 40       		.byte	64
 247 00da 76       		.byte	118
 248 00db 29       		.byte	41
 249 00dc 77       		.byte	119
 250 00dd 28       		.byte	40
 251 00de 84       		.byte	-124
 252 00df 04       		.byte	4
 253 00e0 C0       		.byte	-64
 254 00e1 F2       		.byte	-14
 255 00e2 C2       		.byte	-62
 256 00e3 FE       		.byte	-2
 257 00e4 C4       		.byte	-60
 258 00e5 F7       		.byte	-9
 259 00e6 CA       		.byte	-54
 260 00e7 E0       		.byte	-32
 261 00e8 CC       		.byte	-52
 262 00e9 F4       		.byte	-12
 263 00ea CE       		.byte	-50
 264 00eb 70       		.byte	112
 265 00ec D0       		.byte	-48
 266 00ed 70       		.byte	112
 267 00ee D2       		.byte	-46
 268 00ef 30       		.byte	48
 269 00f0 D6       		.byte	-42
 270 00f1 41       		.byte	65
 271 00f2 D8       		.byte	-40
 272 00f3 0C       		.byte	12
 273 00f4 E4       		.byte	-28
 274 00f5 02       		.byte	2
 275 00f6 05       		.byte	5
 276 00f7 80       		.byte	-128
 277 00f8 07       		.byte	7
 278 00f9 13       		.byte	19
 279 00fa 08       		.byte	8
 280 00fb 10       		.byte	16
 281 00fc 0A       		.byte	10
 282 00fd AC       		.byte	-84
 283 00fe 0F       		.byte	15
 284 00ff 0C       		.byte	12
 285 0100 10       		.byte	16
ARM GAS  C:\Users\RRAMIR~1\AppData\Local\Temp\ccCMjU1f.s 			page 6


 286 0101 09       		.byte	9
 287 0102 12       		.byte	18
 288 0103 D0       		.byte	-48
 289 0104 14       		.byte	20
 290 0105 14       		.byte	20
 291 0106 15       		.byte	21
 292 0107 2C       		.byte	44
 293 0108 17       		.byte	23
 294 0109 43       		.byte	67
 295 010a 1A       		.byte	26
 296 010b 03       		.byte	3
 297 010c 1C       		.byte	28
 298 010d 0C       		.byte	12
 299 010e 1E       		.byte	30
 300 010f 71       		.byte	113
 301 0110 1F       		.byte	31
 302 0111 08       		.byte	8
 303 0112 20       		.byte	32
 304 0113 10       		.byte	16
 305 0114 21       		.byte	33
 306 0115 71       		.byte	113
 307 0116 22       		.byte	34
 308 0117 40       		.byte	64
 309 0118 23       		.byte	35
 310 0119 0E       		.byte	14
 311 011a 25       		.byte	37
 312 011b 71       		.byte	113
 313 011c 26       		.byte	38
 314 011d 20       		.byte	32
 315 011e 27       		.byte	39
 316 011f 06       		.byte	6
 317 0120 28       		.byte	40
 318 0121 DC       		.byte	-36
 319 0122 2A       		.byte	42
 320 0123 22       		.byte	34
 321 0124 30       		.byte	48
 322 0125 E0       		.byte	-32
 323 0126 31       		.byte	49
 324 0127 C0       		.byte	-64
 325 0128 33       		.byte	51
 326 0129 0F       		.byte	15
 327 012a 34       		.byte	52
 328 012b 1F       		.byte	31
 329 012c 35       		.byte	53
 330 012d 30       		.byte	48
 331 012e 39       		.byte	57
 332 012f 22       		.byte	34
 333 0130 3A       		.byte	58
 334 0131 02       		.byte	2
 335 0132 3B       		.byte	59
 336 0133 08       		.byte	8
 337 0134 3F       		.byte	63
 338 0135 10       		.byte	16
 339 0136 40       		.byte	64
 340 0137 02       		.byte	2
 341 0138 45       		.byte	69
 342 0139 40       		.byte	64
ARM GAS  C:\Users\RRAMIR~1\AppData\Local\Temp\ccCMjU1f.s 			page 7


 343 013a 49       		.byte	73
 344 013b FF       		.byte	-1
 345 013c 4A       		.byte	74
 346 013d 07       		.byte	7
 347 013e 4B       		.byte	75
 348 013f FF       		.byte	-1
 349 0140 4C       		.byte	76
 350 0141 40       		.byte	64
 351 0142 4D       		.byte	77
 352 0143 20       		.byte	32
 353 0144 4E       		.byte	78
 354 0145 F0       		.byte	-16
 355 0146 4F       		.byte	79
 356 0147 05       		.byte	5
 357 0148 50       		.byte	80
 358 0149 08       		.byte	8
 359 014a 58       		.byte	88
 360 014b 04       		.byte	4
 361 014c 59       		.byte	89
 362 014d 04       		.byte	4
 363 014e 5A       		.byte	90
 364 014f 04       		.byte	4
 365 0150 5F       		.byte	95
 366 0151 01       		.byte	1
 367 0152 60       		.byte	96
 368 0153 40       		.byte	64
 369 0154 61       		.byte	97
 370 0155 A8       		.byte	-88
 371 0156 62       		.byte	98
 372 0157 40       		.byte	64
 373 0158 63       		.byte	99
 374 0159 20       		.byte	32
 375 015a 80       		.byte	-128
 376 015b 13       		.byte	19
 377 015c 81       		.byte	-127
 378 015d 11       		.byte	17
 379 015e 82       		.byte	-126
 380 015f 04       		.byte	4
 381 0160 83       		.byte	-125
 382 0161 68       		.byte	104
 383 0162 84       		.byte	-124
 384 0163 13       		.byte	19
 385 0164 85       		.byte	-123
 386 0165 30       		.byte	48
 387 0166 86       		.byte	-122
 388 0167 0C       		.byte	12
 389 0168 88       		.byte	-120
 390 0169 80       		.byte	-128
 391 016a 89       		.byte	-119
 392 016b 30       		.byte	48
 393 016c 8A       		.byte	-118
 394 016d 20       		.byte	32
 395 016e 8C       		.byte	-116
 396 016f 40       		.byte	64
 397 0170 8E       		.byte	-114
 398 0171 20       		.byte	32
 399 0172 8F       		.byte	-113
ARM GAS  C:\Users\RRAMIR~1\AppData\Local\Temp\ccCMjU1f.s 			page 8


 400 0173 03       		.byte	3
 401 0174 92       		.byte	-110
 402 0175 08       		.byte	8
 403 0176 94       		.byte	-108
 404 0177 0A       		.byte	10
 405 0178 95       		.byte	-107
 406 0179 03       		.byte	3
 407 017a 96       		.byte	-106
 408 017b 14       		.byte	20
 409 017c 98       		.byte	-104
 410 017d E0       		.byte	-32
 411 017e 99       		.byte	-103
 412 017f 22       		.byte	34
 413 0180 9B       		.byte	-101
 414 0181 18       		.byte	24
 415 0182 9C       		.byte	-100
 416 0183 20       		.byte	32
 417 0184 9E       		.byte	-98
 418 0185 C0       		.byte	-64
 419 0186 A1       		.byte	-95
 420 0187 03       		.byte	3
 421 0188 A3       		.byte	-93
 422 0189 04       		.byte	4
 423 018a A6       		.byte	-90
 424 018b 15       		.byte	21
 425 018c A7       		.byte	-89
 426 018d 03       		.byte	3
 427 018e A8       		.byte	-88
 428 018f E0       		.byte	-32
 429 0190 A9       		.byte	-87
 430 0191 03       		.byte	3
 431 0192 AC       		.byte	-84
 432 0193 03       		.byte	3
 433 0194 AE       		.byte	-82
 434 0195 14       		.byte	20
 435 0196 AF       		.byte	-81
 436 0197 03       		.byte	3
 437 0198 B0       		.byte	-80
 438 0199 10       		.byte	16
 439 019a B1       		.byte	-79
 440 019b 0C       		.byte	12
 441 019c B2       		.byte	-78
 442 019d 0F       		.byte	15
 443 019e B3       		.byte	-77
 444 019f 40       		.byte	64
 445 01a0 B5       		.byte	-75
 446 01a1 30       		.byte	48
 447 01a2 B6       		.byte	-74
 448 01a3 E0       		.byte	-32
 449 01a4 B7       		.byte	-73
 450 01a5 03       		.byte	3
 451 01a6 BA       		.byte	-70
 452 01a7 08       		.byte	8
 453 01a8 BE       		.byte	-66
 454 01a9 01       		.byte	1
 455 01aa BF       		.byte	-65
 456 01ab 01       		.byte	1
ARM GAS  C:\Users\RRAMIR~1\AppData\Local\Temp\ccCMjU1f.s 			page 9


 457 01ac C0       		.byte	-64
 458 01ad 26       		.byte	38
 459 01ae C1       		.byte	-63
 460 01af 04       		.byte	4
 461 01b0 C5       		.byte	-59
 462 01b1 0B       		.byte	11
 463 01b2 C6       		.byte	-58
 464 01b3 0E       		.byte	14
 465 01b4 C7       		.byte	-57
 466 01b5 C0       		.byte	-64
 467 01b6 C8       		.byte	-56
 468 01b7 25       		.byte	37
 469 01b8 C9       		.byte	-55
 470 01b9 FF       		.byte	-1
 471 01ba CA       		.byte	-54
 472 01bb FF       		.byte	-1
 473 01bc CB       		.byte	-53
 474 01bd FF       		.byte	-1
 475 01be CE       		.byte	-50
 476 01bf F0       		.byte	-16
 477 01c0 CF       		.byte	-49
 478 01c1 44       		.byte	68
 479 01c2 D0       		.byte	-48
 480 01c3 0C       		.byte	12
 481 01c4 D4       		.byte	-44
 482 01c5 01       		.byte	1
 483 01c6 D8       		.byte	-40
 484 01c7 04       		.byte	4
 485 01c8 D9       		.byte	-39
 486 01c9 04       		.byte	4
 487 01ca DA       		.byte	-38
 488 01cb 04       		.byte	4
 489 01cc DB       		.byte	-37
 490 01cd 04       		.byte	4
 491 01ce DF       		.byte	-33
 492 01cf 01       		.byte	1
 493 01d0 E6       		.byte	-26
 494 01d1 C0       		.byte	-64
 495 01d2 EA       		.byte	-22
 496 01d3 40       		.byte	64
 497 01d4 EB       		.byte	-21
 498 01d5 02       		.byte	2
 499 01d6 02       		.byte	2
 500 01d7 04       		.byte	4
 501 01d8 05       		.byte	5
 502 01d9 05       		.byte	5
 503 01da 06       		.byte	6
 504 01db 02       		.byte	2
 505 01dc 07       		.byte	7
 506 01dd 04       		.byte	4
 507 01de 08       		.byte	8
 508 01df 80       		.byte	-128
 509 01e0 0A       		.byte	10
 510 01e1 24       		.byte	36
 511 01e2 0B       		.byte	11
 512 01e3 40       		.byte	64
 513 01e4 0C       		.byte	12
ARM GAS  C:\Users\RRAMIR~1\AppData\Local\Temp\ccCMjU1f.s 			page 10


 514 01e5 20       		.byte	32
 515 01e6 0D       		.byte	13
 516 01e7 88       		.byte	-120
 517 01e8 0F       		.byte	15
 518 01e9 44       		.byte	68
 519 01ea 10       		.byte	16
 520 01eb 80       		.byte	-128
 521 01ec 11       		.byte	17
 522 01ed 04       		.byte	4
 523 01ee 13       		.byte	19
 524 01ef 10       		.byte	16
 525 01f0 15       		.byte	21
 526 01f1 14       		.byte	20
 527 01f2 16       		.byte	22
 528 01f3 01       		.byte	1
 529 01f4 19       		.byte	25
 530 01f5 01       		.byte	1
 531 01f6 1A       		.byte	26
 532 01f7 04       		.byte	4
 533 01f8 1B       		.byte	27
 534 01f9 20       		.byte	32
 535 01fa 1C       		.byte	28
 536 01fb 40       		.byte	64
 537 01fc 1D       		.byte	29
 538 01fd 84       		.byte	-124
 539 01fe 1F       		.byte	31
 540 01ff 80       		.byte	-128
 541 0200 20       		.byte	32
 542 0201 04       		.byte	4
 543 0202 21       		.byte	33
 544 0203 08       		.byte	8
 545 0204 23       		.byte	35
 546 0205 50       		.byte	80
 547 0206 25       		.byte	37
 548 0207 04       		.byte	4
 549 0208 26       		.byte	38
 550 0209 20       		.byte	32
 551 020a 27       		.byte	39
 552 020b 45       		.byte	69
 553 020c 28       		.byte	40
 554 020d 80       		.byte	-128
 555 020e 29       		.byte	41
 556 020f 05       		.byte	5
 557 0210 2A       		.byte	42
 558 0211 04       		.byte	4
 559 0212 2D       		.byte	45
 560 0213 09       		.byte	9
 561 0214 2E       		.byte	46
 562 0215 40       		.byte	64
 563 0216 2F       		.byte	47
 564 0217 84       		.byte	-124
 565 0218 30       		.byte	48
 566 0219 80       		.byte	-128
 567 021a 31       		.byte	49
 568 021b 08       		.byte	8
 569 021c 34       		.byte	52
 570 021d 10       		.byte	16
ARM GAS  C:\Users\RRAMIR~1\AppData\Local\Temp\ccCMjU1f.s 			page 11


 571 021e 36       		.byte	54
 572 021f 28       		.byte	40
 573 0220 38       		.byte	56
 574 0221 08       		.byte	8
 575 0222 39       		.byte	57
 576 0223 04       		.byte	4
 577 0224 3B       		.byte	59
 578 0225 40       		.byte	64
 579 0226 3D       		.byte	61
 580 0227 10       		.byte	16
 581 0228 3E       		.byte	62
 582 0229 02       		.byte	2
 583 022a 3F       		.byte	63
 584 022b 84       		.byte	-124
 585 022c 40       		.byte	64
 586 022d 04       		.byte	4
 587 022e 44       		.byte	68
 588 022f 80       		.byte	-128
 589 0230 46       		.byte	70
 590 0231 04       		.byte	4
 591 0232 48       		.byte	72
 592 0233 80       		.byte	-128
 593 0234 4C       		.byte	76
 594 0235 04       		.byte	4
 595 0236 4E       		.byte	78
 596 0237 10       		.byte	16
 597 0238 50       		.byte	80
 598 0239 04       		.byte	4
 599 023a 55       		.byte	85
 600 023b 01       		.byte	1
 601 023c 56       		.byte	86
 602 023d 41       		.byte	65
 603 023e 5C       		.byte	92
 604 023f 41       		.byte	65
 605 0240 5D       		.byte	93
 606 0241 20       		.byte	32
 607 0242 5F       		.byte	95
 608 0243 08       		.byte	8
 609 0244 60       		.byte	96
 610 0245 01       		.byte	1
 611 0246 62       		.byte	98
 612 0247 40       		.byte	64
 613 0248 8A       		.byte	-118
 614 0249 02       		.byte	2
 615 024a 8B       		.byte	-117
 616 024b 48       		.byte	72
 617 024c 8D       		.byte	-115
 618 024d 21       		.byte	33
 619 024e 91       		.byte	-111
 620 024f 10       		.byte	16
 621 0250 92       		.byte	-110
 622 0251 40       		.byte	64
 623 0252 93       		.byte	-109
 624 0253 88       		.byte	-120
 625 0254 95       		.byte	-107
 626 0255 01       		.byte	1
 627 0256 99       		.byte	-103
ARM GAS  C:\Users\RRAMIR~1\AppData\Local\Temp\ccCMjU1f.s 			page 12


 628 0257 08       		.byte	8
 629 0258 9C       		.byte	-100
 630 0259 10       		.byte	16
 631 025a 9E       		.byte	-98
 632 025b 42       		.byte	66
 633 025c 9F       		.byte	-97
 634 025d 41       		.byte	65
 635 025e A0       		.byte	-96
 636 025f 20       		.byte	32
 637 0260 A2       		.byte	-94
 638 0261 08       		.byte	8
 639 0262 A3       		.byte	-93
 640 0263 40       		.byte	64
 641 0264 A5       		.byte	-91
 642 0265 04       		.byte	4
 643 0266 A7       		.byte	-89
 644 0267 20       		.byte	32
 645 0268 C0       		.byte	-64
 646 0269 F2       		.byte	-14
 647 026a C2       		.byte	-62
 648 026b FF       		.byte	-1
 649 026c C4       		.byte	-60
 650 026d EE       		.byte	-18
 651 026e CA       		.byte	-54
 652 026f F3       		.byte	-13
 653 0270 CC       		.byte	-52
 654 0271 6A       		.byte	106
 655 0272 CE       		.byte	-50
 656 0273 FA       		.byte	-6
 657 0274 D0       		.byte	-48
 658 0275 A4       		.byte	-92
 659 0276 D2       		.byte	-46
 660 0277 20       		.byte	32
 661 0278 D6       		.byte	-42
 662 0279 F0       		.byte	-16
 663 027a EC       		.byte	-20
 664 027b 20       		.byte	32
 665 027c EE       		.byte	-18
 666 027d 08       		.byte	8
 667 027e 33       		.byte	51
 668 027f 20       		.byte	32
 669 0280 3F       		.byte	63
 670 0281 40       		.byte	64
 671 0282 CC       		.byte	-52
 672 0283 10       		.byte	16
 673 0284 CE       		.byte	-50
 674 0285 20       		.byte	32
 675 0286 97       		.byte	-105
 676 0287 40       		.byte	64
 677 0288 A7       		.byte	-89
 678 0289 20       		.byte	32
 679 028a 97       		.byte	-105
 680 028b 40       		.byte	64
 681 028c A7       		.byte	-89
 682 028d 20       		.byte	32
 683 028e 97       		.byte	-105
 684 028f 40       		.byte	64
ARM GAS  C:\Users\RRAMIR~1\AppData\Local\Temp\ccCMjU1f.s 			page 13


 685 0290 A7       		.byte	-89
 686 0291 20       		.byte	32
 687 0292 30       		.byte	48
 688 0293 20       		.byte	32
 689 0294 CC       		.byte	-52
 690 0295 08       		.byte	8
 691 0296 20       		.byte	32
 692 0297 80       		.byte	-128
 693 0298 23       		.byte	35
 694 0299 40       		.byte	64
 695 029a 97       		.byte	-105
 696 029b 40       		.byte	64
 697 029c A7       		.byte	-89
 698 029d 20       		.byte	32
 699 029e C8       		.byte	-56
 700 029f 40       		.byte	64
 701 02a0 AF       		.byte	-81
 702 02a1 20       		.byte	32
 703 02a2 B0       		.byte	-80
 704 02a3 40       		.byte	64
 705 02a4 EE       		.byte	-18
 706 02a5 10       		.byte	16
 707 02a6 1F       		.byte	31
 708 02a7 80       		.byte	-128
 709 02a8 87       		.byte	-121
 710 02a9 40       		.byte	64
 711 02aa A4       		.byte	-92
 712 02ab 20       		.byte	32
 713 02ac C6       		.byte	-58
 714 02ad 01       		.byte	1
 715 02ae 10       		.byte	16
 716 02af 40       		.byte	64
 717 02b0 73       		.byte	115
 718 02b1 40       		.byte	64
 719 02b2 88       		.byte	-120
 720 02b3 40       		.byte	64
 721 02b4 93       		.byte	-109
 722 02b5 40       		.byte	64
 723 02b6 AF       		.byte	-81
 724 02b7 80       		.byte	-128
 725 02b8 B0       		.byte	-80
 726 02b9 20       		.byte	32
 727 02ba C4       		.byte	-60
 728 02bb 08       		.byte	8
 729 02bc DC       		.byte	-36
 730 02bd 01       		.byte	1
 731 02be E2       		.byte	-30
 732 02bf 01       		.byte	1
 733 02c0 EC       		.byte	-20
 734 02c1 04       		.byte	4
 735 02c2 10       		.byte	16
 736 02c3 01       		.byte	1
 737 02c4 1C       		.byte	28
 738 02c5 01       		.byte	1
 739 02c6 00       		.byte	0
 740 02c7 03       		.byte	3
 741 02c8 10       		.byte	16
ARM GAS  C:\Users\RRAMIR~1\AppData\Local\Temp\ccCMjU1f.s 			page 14


 742 02c9 02       		.byte	2
 743 02ca 00       		.byte	0
 744 02cb 00       		.byte	0
 745 02cc 40       		.byte	64
 746 02cd 00       		.byte	0
 747 02ce 00       		.byte	0
 748 02cf 00       		.byte	0
 749 02d0 1C       		.byte	28
 750 02d1 00       		.byte	0
 751 02d2 23       		.byte	35
 752 02d3 04       		.byte	4
 753 02d4 3F       		.byte	63
 754 02d5 18       		.byte	24
 755 02d6 00       		.byte	0
 756 02d7 00       		.byte	0
 757 02d8 08       		.byte	8
 758 02d9 1C       		.byte	28
 759 02da 00       		.byte	0
 760 02db 61       		.byte	97
 761 02dc 1F       		.byte	31
 762 02dd 00       		.byte	0
 763 02de 20       		.byte	32
 764 02df 23       		.byte	35
 765 02e0 33       		.byte	51
 766 02e1 7F       		.byte	127
 767 02e2 0C       		.byte	12
 768 02e3 00       		.byte	0
 769 02e4 02       		.byte	2
 770 02e5 3C       		.byte	60
 771 02e6 00       		.byte	0
 772 02e7 42       		.byte	66
 773 02e8 00       		.byte	0
 774 02e9 10       		.byte	16
 775 02ea 23       		.byte	35
 776 02eb 00       		.byte	0
 777 02ec 03       		.byte	3
 778 02ed 04       		.byte	4
 779 02ee 00       		.byte	0
 780 02ef 00       		.byte	0
 781 02f0 04       		.byte	4
 782 02f1 08       		.byte	8
 783 02f2 00       		.byte	0
 784 02f3 00       		.byte	0
 785 02f4 0C       		.byte	12
 786 02f5 67       		.byte	103
 787 02f6 00       		.byte	0
 788 02f7 18       		.byte	24
 789 02f8 01       		.byte	1
 790 02f9 00       		.byte	0
 791 02fa 00       		.byte	0
 792 02fb 00       		.byte	0
 793 02fc 2C       		.byte	44
 794 02fd 40       		.byte	64
 795 02fe 0F       		.byte	15
 796 02ff 1F       		.byte	31
 797 0300 10       		.byte	16
 798 0301 38       		.byte	56
ARM GAS  C:\Users\RRAMIR~1\AppData\Local\Temp\ccCMjU1f.s 			page 15


 799 0302 40       		.byte	64
 800 0303 00       		.byte	0
 801 0304 00       		.byte	0
 802 0305 02       		.byte	2
 803 0306 0A       		.byte	10
 804 0307 08       		.byte	8
 805 0308 00       		.byte	0
 806 0309 00       		.byte	0
 807 030a 50       		.byte	80
 808 030b 00       		.byte	0
 809 030c 65       		.byte	101
 810 030d 03       		.byte	3
 811 030e 02       		.byte	2
 812 030f 00       		.byte	0
 813 0310 01       		.byte	1
 814 0311 0C       		.byte	12
 815 0312 00       		.byte	0
 816 0313 0E       		.byte	14
 817 0314 11       		.byte	17
 818 0315 FF       		.byte	-1
 819 0316 FF       		.byte	-1
 820 0317 FF       		.byte	-1
 821 0318 62       		.byte	98
 822 0319 A0       		.byte	-96
 823 031a F0       		.byte	-16
 824 031b 41       		.byte	65
 825 031c 0C       		.byte	12
 826 031d 00       		.byte	0
 827 031e 00       		.byte	0
 828 031f 00       		.byte	0
 829 0320 00       		.byte	0
 830 0321 00       		.byte	0
 831 0322 02       		.byte	2
 832 0323 12       		.byte	18
 833 0324 04       		.byte	4
 834 0325 04       		.byte	4
 835 0326 04       		.byte	4
 836 0327 04       		.byte	4
 837 0328 00       		.byte	0
 838 0329 00       		.byte	0
 839 032a 00       		.byte	0
 840 032b 01       		.byte	1
 841 032c 00       		.byte	0
 842 032d 00       		.byte	0
 843 032e 00       		.byte	0
 844 032f 00       		.byte	0
 845 0330 00       		.byte	0
 846 0331 00       		.byte	0
 847 0332 40       		.byte	64
 848 0333 02       		.byte	2
 849 0334 00       		.byte	0
 850 0335 10       		.byte	16
 851 0336 30       		.byte	48
 852 0337 10       		.byte	16
 853 0338 00       		.byte	0
 854 0339 10       		.byte	16
 855 033a 10       		.byte	16
ARM GAS  C:\Users\RRAMIR~1\AppData\Local\Temp\ccCMjU1f.s 			page 16


 856 033b 12       		.byte	18
 857 033c 00       		.byte	0
 858 033d 00       		.byte	0
 859 033e 00       		.byte	0
 860 033f 00       		.byte	0
 861 0340 00       		.byte	0
 862 0341 00       		.byte	0
 863 0342 00       		.byte	0
 864 0343 00       		.byte	0
 865 0344 00       		.byte	0
 866 0345 00       		.byte	0
 867 0346 00       		.byte	0
 868 0347 00       		.byte	0
 869 0348 00       		.byte	0
 870 0349 00       		.byte	0
 871 034a 00       		.byte	0
 872 034b 00       		.byte	0
 873 034c 80       		.byte	-128
 874 034d 00       		.byte	0
 875 034e 40       		.byte	64
 876 034f 80       		.byte	-128
 877 0350 80       		.byte	-128
 878 0351 00       		.byte	0
 879 0352 80       		.byte	-128
 880 0353 00       		.byte	0
 881 0354 00       		.byte	0
 882 0355 00       		.byte	0
 883 0356 00       		.byte	0
 884 0357 00       		.byte	0
 885 0358 00       		.byte	0
 886 0359 0B       		.byte	11
 887 035a 0B       		.byte	11
 888 035b 00       		.byte	0
 889 035c 00       		.byte	0
 890 035d 00       		.byte	0
 891 035e 00       		.byte	0
 892 035f 00       		.byte	0
 893 0360 00       		.byte	0
 894 0361 00       		.byte	0
 895 0362 00       		.byte	0
 896 0363 00       		.byte	0
 897 0364 00       		.byte	0
 898 0365 00       		.byte	0
 899 0366 44       		.byte	68
 900 0367 00       		.byte	0
 901 0368 0E       		.byte	14
 902 0369 00       		.byte	0
 903 036a 18       		.byte	24
 904 036b 01       		.byte	1
 905              		.section	.cywolatch,"a",%progbits
 906              		.align	2
 907              		.type	cy_meta_wonvl, %object
 908              		.size	cy_meta_wonvl, 4
 909              	cy_meta_wonvl:
 910 0000 BC       		.byte	-68
 911 0001 90       		.byte	-112
 912 0002 AC       		.byte	-84
ARM GAS  C:\Users\RRAMIR~1\AppData\Local\Temp\ccCMjU1f.s 			page 17


 913 0003 AF       		.byte	-81
 914              		.section	.cycustnvl,"a",%progbits
 915              		.align	2
 916              		.type	cy_meta_custnvl, %object
 917              		.size	cy_meta_custnvl, 4
 918              	cy_meta_custnvl:
 919 0000 00       		.byte	0
 920 0001 00       		.byte	0
 921 0002 40       		.byte	64
 922 0003 05       		.byte	5
 923              		.section	.cymeta,"a",%progbits
 924              		.align	2
 925              		.type	cy_metadata, %object
 926              		.size	cy_metadata, 12
 927              	cy_metadata:
 928 0000 00       		.byte	0
 929 0001 01       		.byte	1
 930 0002 2E       		.byte	46
 931 0003 16       		.byte	22
 932 0004 10       		.byte	16
 933 0005 69       		.byte	105
 934 0006 00       		.byte	0
 935 0007 01       		.byte	1
 936 0008 00       		.byte	0
 937 0009 00       		.byte	0
 938 000a 00       		.byte	0
 939 000b 00       		.byte	0
 940              		.section	.cyflashprotect,"a",%progbits
 941              		.align	2
 942              		.type	cy_meta_flashprotect, %object
 943              		.size	cy_meta_flashprotect, 256
 944              	cy_meta_flashprotect:
 945 0000 00000000 		.space	256
 945      00000000 
 945      00000000 
 945      00000000 
 945      00000000 
 946              		.text
 947              	.Letext0:
 948              		.file 1 "c:\\program files (x86)\\cypress\\psoc creator\\4.3\\psoc creator\\import\\gnu\\arm\\5.4.
 949              		.file 2 "c:\\program files (x86)\\cypress\\psoc creator\\4.3\\psoc creator\\import\\gnu\\arm\\5.4.
 950              		.file 3 "Generated_Source\\PSoC5\\cymetadata.c"
 951              		.section	.debug_info,"",%progbits
 952              	.Ldebug_info0:
 953 0000 31010000 		.4byte	0x131
 954 0004 0400     		.2byte	0x4
 955 0006 00000000 		.4byte	.Ldebug_abbrev0
 956 000a 04       		.byte	0x4
 957 000b 01       		.uleb128 0x1
 958 000c 24000000 		.4byte	.LASF17
 959 0010 0C       		.byte	0xc
 960 0011 C5010000 		.4byte	.LASF18
 961 0015 7E010000 		.4byte	.LASF19
 962 0019 00000000 		.4byte	.Ldebug_line0
 963 001d 02       		.uleb128 0x2
 964 001e 01       		.byte	0x1
 965 001f 06       		.byte	0x6
ARM GAS  C:\Users\RRAMIR~1\AppData\Local\Temp\ccCMjU1f.s 			page 18


 966 0020 72010000 		.4byte	.LASF0
 967 0024 03       		.uleb128 0x3
 968 0025 00000000 		.4byte	.LASF9
 969 0029 01       		.byte	0x1
 970 002a 1D       		.byte	0x1d
 971 002b 2F000000 		.4byte	0x2f
 972 002f 02       		.uleb128 0x2
 973 0030 01       		.byte	0x1
 974 0031 08       		.byte	0x8
 975 0032 16000000 		.4byte	.LASF1
 976 0036 02       		.uleb128 0x2
 977 0037 02       		.byte	0x2
 978 0038 05       		.byte	0x5
 979 0039 5F010000 		.4byte	.LASF2
 980 003d 02       		.uleb128 0x2
 981 003e 02       		.byte	0x2
 982 003f 07       		.byte	0x7
 983 0040 C4000000 		.4byte	.LASF3
 984 0044 02       		.uleb128 0x2
 985 0045 04       		.byte	0x4
 986 0046 05       		.byte	0x5
 987 0047 69010000 		.4byte	.LASF4
 988 004b 02       		.uleb128 0x2
 989 004c 04       		.byte	0x4
 990 004d 07       		.byte	0x7
 991 004e B2000000 		.4byte	.LASF5
 992 0052 02       		.uleb128 0x2
 993 0053 08       		.byte	0x8
 994 0054 05       		.byte	0x5
 995 0055 51010000 		.4byte	.LASF6
 996 0059 02       		.uleb128 0x2
 997 005a 08       		.byte	0x8
 998 005b 07       		.byte	0x7
 999 005c 06010000 		.4byte	.LASF7
 1000 0060 04       		.uleb128 0x4
 1001 0061 04       		.byte	0x4
 1002 0062 05       		.byte	0x5
 1003 0063 696E7400 		.ascii	"int\000"
 1004 0067 02       		.uleb128 0x2
 1005 0068 04       		.byte	0x4
 1006 0069 07       		.byte	0x7
 1007 006a F9000000 		.4byte	.LASF8
 1008 006e 03       		.uleb128 0x3
 1009 006f 1D010000 		.4byte	.LASF10
 1010 0073 02       		.byte	0x2
 1011 0074 18       		.byte	0x18
 1012 0075 24000000 		.4byte	0x24
 1013 0079 05       		.uleb128 0x5
 1014 007a 91000000 		.4byte	0x91
 1015 007e 8A000000 		.4byte	0x8a
 1016 0082 06       		.uleb128 0x6
 1017 0083 8A000000 		.4byte	0x8a
 1018 0087 6B03     		.2byte	0x36b
 1019 0089 00       		.byte	0
 1020 008a 02       		.uleb128 0x2
 1021 008b 04       		.byte	0x4
 1022 008c 07       		.byte	0x7
ARM GAS  C:\Users\RRAMIR~1\AppData\Local\Temp\ccCMjU1f.s 			page 19


 1023 008d 48010000 		.4byte	.LASF11
 1024 0091 07       		.uleb128 0x7
 1025 0092 6E000000 		.4byte	0x6e
 1026 0096 08       		.uleb128 0x8
 1027 0097 E7000000 		.4byte	.LASF12
 1028 009b 03       		.byte	0x3
 1029 009c 1F       		.byte	0x1f
 1030 009d A7000000 		.4byte	0xa7
 1031 00a1 05       		.uleb128 0x5
 1032 00a2 03       		.byte	0x3
 1033 00a3 00000000 		.4byte	cy_meta_configecc
 1034 00a7 07       		.uleb128 0x7
 1035 00a8 79000000 		.4byte	0x79
 1036 00ac 05       		.uleb128 0x5
 1037 00ad 91000000 		.4byte	0x91
 1038 00b1 BC000000 		.4byte	0xbc
 1039 00b5 09       		.uleb128 0x9
 1040 00b6 8A000000 		.4byte	0x8a
 1041 00ba 03       		.byte	0x3
 1042 00bb 00       		.byte	0
 1043 00bc 08       		.uleb128 0x8
 1044 00bd D7000000 		.4byte	.LASF13
 1045 00c1 03       		.byte	0x3
 1046 00c2 9A       		.byte	0x9a
 1047 00c3 CD000000 		.4byte	0xcd
 1048 00c7 05       		.uleb128 0x5
 1049 00c8 03       		.byte	0x3
 1050 00c9 00000000 		.4byte	cy_meta_custnvl
 1051 00cd 07       		.uleb128 0x7
 1052 00ce AC000000 		.4byte	0xac
 1053 00d2 08       		.uleb128 0x8
 1054 00d3 3A010000 		.4byte	.LASF14
 1055 00d7 03       		.byte	0x3
 1056 00d8 A8       		.byte	0xa8
 1057 00d9 E3000000 		.4byte	0xe3
 1058 00dd 05       		.uleb128 0x5
 1059 00de 03       		.byte	0x3
 1060 00df 00000000 		.4byte	cy_meta_wonvl
 1061 00e3 07       		.uleb128 0x7
 1062 00e4 AC000000 		.4byte	0xac
 1063 00e8 05       		.uleb128 0x5
 1064 00e9 91000000 		.4byte	0x91
 1065 00ed F8000000 		.4byte	0xf8
 1066 00f1 09       		.uleb128 0x9
 1067 00f2 8A000000 		.4byte	0x8a
 1068 00f6 FF       		.byte	0xff
 1069 00f7 00       		.byte	0
 1070 00f8 08       		.uleb128 0x8
 1071 00f9 25010000 		.4byte	.LASF15
 1072 00fd 03       		.byte	0x3
 1073 00fe B6       		.byte	0xb6
 1074 00ff 09010000 		.4byte	0x109
 1075 0103 05       		.uleb128 0x5
 1076 0104 03       		.byte	0x3
 1077 0105 00000000 		.4byte	cy_meta_flashprotect
 1078 0109 07       		.uleb128 0x7
 1079 010a E8000000 		.4byte	0xe8
ARM GAS  C:\Users\RRAMIR~1\AppData\Local\Temp\ccCMjU1f.s 			page 20


 1080 010e 05       		.uleb128 0x5
 1081 010f 91000000 		.4byte	0x91
 1082 0113 1E010000 		.4byte	0x11e
 1083 0117 09       		.uleb128 0x9
 1084 0118 8A000000 		.4byte	0x8a
 1085 011c 0B       		.byte	0xb
 1086 011d 00       		.byte	0
 1087 011e 08       		.uleb128 0x8
 1088 011f 0A000000 		.4byte	.LASF16
 1089 0123 03       		.byte	0x3
 1090 0124 E3       		.byte	0xe3
 1091 0125 2F010000 		.4byte	0x12f
 1092 0129 05       		.uleb128 0x5
 1093 012a 03       		.byte	0x3
 1094 012b 00000000 		.4byte	cy_metadata
 1095 012f 07       		.uleb128 0x7
 1096 0130 0E010000 		.4byte	0x10e
 1097 0134 00       		.byte	0
 1098              		.section	.debug_abbrev,"",%progbits
 1099              	.Ldebug_abbrev0:
 1100 0000 01       		.uleb128 0x1
 1101 0001 11       		.uleb128 0x11
 1102 0002 01       		.byte	0x1
 1103 0003 25       		.uleb128 0x25
 1104 0004 0E       		.uleb128 0xe
 1105 0005 13       		.uleb128 0x13
 1106 0006 0B       		.uleb128 0xb
 1107 0007 03       		.uleb128 0x3
 1108 0008 0E       		.uleb128 0xe
 1109 0009 1B       		.uleb128 0x1b
 1110 000a 0E       		.uleb128 0xe
 1111 000b 10       		.uleb128 0x10
 1112 000c 17       		.uleb128 0x17
 1113 000d 00       		.byte	0
 1114 000e 00       		.byte	0
 1115 000f 02       		.uleb128 0x2
 1116 0010 24       		.uleb128 0x24
 1117 0011 00       		.byte	0
 1118 0012 0B       		.uleb128 0xb
 1119 0013 0B       		.uleb128 0xb
 1120 0014 3E       		.uleb128 0x3e
 1121 0015 0B       		.uleb128 0xb
 1122 0016 03       		.uleb128 0x3
 1123 0017 0E       		.uleb128 0xe
 1124 0018 00       		.byte	0
 1125 0019 00       		.byte	0
 1126 001a 03       		.uleb128 0x3
 1127 001b 16       		.uleb128 0x16
 1128 001c 00       		.byte	0
 1129 001d 03       		.uleb128 0x3
 1130 001e 0E       		.uleb128 0xe
 1131 001f 3A       		.uleb128 0x3a
 1132 0020 0B       		.uleb128 0xb
 1133 0021 3B       		.uleb128 0x3b
 1134 0022 0B       		.uleb128 0xb
 1135 0023 49       		.uleb128 0x49
 1136 0024 13       		.uleb128 0x13
ARM GAS  C:\Users\RRAMIR~1\AppData\Local\Temp\ccCMjU1f.s 			page 21


 1137 0025 00       		.byte	0
 1138 0026 00       		.byte	0
 1139 0027 04       		.uleb128 0x4
 1140 0028 24       		.uleb128 0x24
 1141 0029 00       		.byte	0
 1142 002a 0B       		.uleb128 0xb
 1143 002b 0B       		.uleb128 0xb
 1144 002c 3E       		.uleb128 0x3e
 1145 002d 0B       		.uleb128 0xb
 1146 002e 03       		.uleb128 0x3
 1147 002f 08       		.uleb128 0x8
 1148 0030 00       		.byte	0
 1149 0031 00       		.byte	0
 1150 0032 05       		.uleb128 0x5
 1151 0033 01       		.uleb128 0x1
 1152 0034 01       		.byte	0x1
 1153 0035 49       		.uleb128 0x49
 1154 0036 13       		.uleb128 0x13
 1155 0037 01       		.uleb128 0x1
 1156 0038 13       		.uleb128 0x13
 1157 0039 00       		.byte	0
 1158 003a 00       		.byte	0
 1159 003b 06       		.uleb128 0x6
 1160 003c 21       		.uleb128 0x21
 1161 003d 00       		.byte	0
 1162 003e 49       		.uleb128 0x49
 1163 003f 13       		.uleb128 0x13
 1164 0040 2F       		.uleb128 0x2f
 1165 0041 05       		.uleb128 0x5
 1166 0042 00       		.byte	0
 1167 0043 00       		.byte	0
 1168 0044 07       		.uleb128 0x7
 1169 0045 26       		.uleb128 0x26
 1170 0046 00       		.byte	0
 1171 0047 49       		.uleb128 0x49
 1172 0048 13       		.uleb128 0x13
 1173 0049 00       		.byte	0
 1174 004a 00       		.byte	0
 1175 004b 08       		.uleb128 0x8
 1176 004c 34       		.uleb128 0x34
 1177 004d 00       		.byte	0
 1178 004e 03       		.uleb128 0x3
 1179 004f 0E       		.uleb128 0xe
 1180 0050 3A       		.uleb128 0x3a
 1181 0051 0B       		.uleb128 0xb
 1182 0052 3B       		.uleb128 0x3b
 1183 0053 0B       		.uleb128 0xb
 1184 0054 49       		.uleb128 0x49
 1185 0055 13       		.uleb128 0x13
 1186 0056 3F       		.uleb128 0x3f
 1187 0057 19       		.uleb128 0x19
 1188 0058 02       		.uleb128 0x2
 1189 0059 18       		.uleb128 0x18
 1190 005a 00       		.byte	0
 1191 005b 00       		.byte	0
 1192 005c 09       		.uleb128 0x9
 1193 005d 21       		.uleb128 0x21
ARM GAS  C:\Users\RRAMIR~1\AppData\Local\Temp\ccCMjU1f.s 			page 22


 1194 005e 00       		.byte	0
 1195 005f 49       		.uleb128 0x49
 1196 0060 13       		.uleb128 0x13
 1197 0061 2F       		.uleb128 0x2f
 1198 0062 0B       		.uleb128 0xb
 1199 0063 00       		.byte	0
 1200 0064 00       		.byte	0
 1201 0065 00       		.byte	0
 1202              		.section	.debug_aranges,"",%progbits
 1203 0000 14000000 		.4byte	0x14
 1204 0004 0200     		.2byte	0x2
 1205 0006 00000000 		.4byte	.Ldebug_info0
 1206 000a 04       		.byte	0x4
 1207 000b 00       		.byte	0
 1208 000c 0000     		.2byte	0
 1209 000e 0000     		.2byte	0
 1210 0010 00000000 		.4byte	0
 1211 0014 00000000 		.4byte	0
 1212              		.section	.debug_line,"",%progbits
 1213              	.Ldebug_line0:
 1214 0000 3D010000 		.section	.debug_str,"MS",%progbits,1
 1214      02003701 
 1214      00000201 
 1214      FB0E0D00 
 1214      01010101 
 1215              	.LASF9:
 1216 0000 5F5F7569 		.ascii	"__uint8_t\000"
 1216      6E74385F 
 1216      7400
 1217              	.LASF16:
 1218 000a 63795F6D 		.ascii	"cy_metadata\000"
 1218      65746164 
 1218      61746100 
 1219              	.LASF1:
 1220 0016 756E7369 		.ascii	"unsigned char\000"
 1220      676E6564 
 1220      20636861 
 1220      7200
 1221              	.LASF17:
 1222 0024 474E5520 		.ascii	"GNU C11 5.4.1 20160609 (release) [ARM/embedded-5-br"
 1222      43313120 
 1222      352E342E 
 1222      31203230 
 1222      31363036 
 1223 0057 616E6368 		.ascii	"anch revision 237715] -mcpu=cortex-m3 -mthumb -g -O"
 1223      20726576 
 1223      6973696F 
 1223      6E203233 
 1223      37373135 
 1224 008a 67202D66 		.ascii	"g -ffunction-sections -ffat-lto-objects\000"
 1224      66756E63 
 1224      74696F6E 
 1224      2D736563 
 1224      74696F6E 
 1225              	.LASF5:
 1226 00b2 6C6F6E67 		.ascii	"long unsigned int\000"
 1226      20756E73 
ARM GAS  C:\Users\RRAMIR~1\AppData\Local\Temp\ccCMjU1f.s 			page 23


 1226      69676E65 
 1226      6420696E 
 1226      7400
 1227              	.LASF3:
 1228 00c4 73686F72 		.ascii	"short unsigned int\000"
 1228      7420756E 
 1228      7369676E 
 1228      65642069 
 1228      6E7400
 1229              	.LASF13:
 1230 00d7 63795F6D 		.ascii	"cy_meta_custnvl\000"
 1230      6574615F 
 1230      63757374 
 1230      6E766C00 
 1231              	.LASF12:
 1232 00e7 63795F6D 		.ascii	"cy_meta_configecc\000"
 1232      6574615F 
 1232      636F6E66 
 1232      69676563 
 1232      6300
 1233              	.LASF8:
 1234 00f9 756E7369 		.ascii	"unsigned int\000"
 1234      676E6564 
 1234      20696E74 
 1234      00
 1235              	.LASF7:
 1236 0106 6C6F6E67 		.ascii	"long long unsigned int\000"
 1236      206C6F6E 
 1236      6720756E 
 1236      7369676E 
 1236      65642069 
 1237              	.LASF10:
 1238 011d 75696E74 		.ascii	"uint8_t\000"
 1238      385F7400 
 1239              	.LASF15:
 1240 0125 63795F6D 		.ascii	"cy_meta_flashprotect\000"
 1240      6574615F 
 1240      666C6173 
 1240      6870726F 
 1240      74656374 
 1241              	.LASF14:
 1242 013a 63795F6D 		.ascii	"cy_meta_wonvl\000"
 1242      6574615F 
 1242      776F6E76 
 1242      6C00
 1243              	.LASF11:
 1244 0148 73697A65 		.ascii	"sizetype\000"
 1244      74797065 
 1244      00
 1245              	.LASF6:
 1246 0151 6C6F6E67 		.ascii	"long long int\000"
 1246      206C6F6E 
 1246      6720696E 
 1246      7400
 1247              	.LASF2:
 1248 015f 73686F72 		.ascii	"short int\000"
 1248      7420696E 
ARM GAS  C:\Users\RRAMIR~1\AppData\Local\Temp\ccCMjU1f.s 			page 24


 1248      7400
 1249              	.LASF4:
 1250 0169 6C6F6E67 		.ascii	"long int\000"
 1250      20696E74 
 1250      00
 1251              	.LASF0:
 1252 0172 7369676E 		.ascii	"signed char\000"
 1252      65642063 
 1252      68617200 
 1253              	.LASF19:
 1254 017e 433A5C55 		.ascii	"C:\\Users\\RRamirezC\\Documents\\PSoC Creator\\Tuto"
 1254      73657273 
 1254      5C525261 
 1254      6D697265 
 1254      7A435C44 
 1255 01ac 7269616C 		.ascii	"rial_7_DAC\\DAC\\DAC.cydsn\000"
 1255      5F375F44 
 1255      41435C44 
 1255      41435C44 
 1255      41432E63 
 1256              	.LASF18:
 1257 01c5 47656E65 		.ascii	"Generated_Source\\PSoC5\\cymetadata.c\000"
 1257      72617465 
 1257      645F536F 
 1257      75726365 
 1257      5C50536F 
 1258              		.ident	"GCC: (GNU Tools for ARM Embedded Processors) 5.4.1 20160609 (release) [ARM/embedded-5-bran
