ARM GAS  C:\Users\RRAMIR~1\AppData\Local\Temp\ccTjPjPq.s 			page 1


   1              		.syntax unified
   2              		.cpu cortex-m3
   3              		.fpu softvfp
   4              		.eabi_attribute 20, 1
   5              		.eabi_attribute 21, 1
   6              		.eabi_attribute 23, 3
   7              		.eabi_attribute 24, 1
   8              		.eabi_attribute 25, 1
   9              		.eabi_attribute 26, 1
  10              		.eabi_attribute 30, 1
  11              		.eabi_attribute 34, 1
  12              		.eabi_attribute 18, 4
  13              		.thumb
  14              		.syntax unified
  15              		.file	"main.c"
  16              		.text
  17              	.Ltext0:
  18              		.cfi_sections	.debug_frame
  19              		.section	.text.main,"ax",%progbits
  20              		.align	2
  21              		.global	main
  22              		.thumb
  23              		.thumb_func
  24              		.type	main, %function
  25              	main:
  26              	.LFB64:
  27              		.file 1 "main.c"
   1:main.c        **** #include <project.h>
   2:main.c        **** #include "stdio.h"
   3:main.c        **** 
   4:main.c        **** // Project Defines.
   5:main.c        **** #define FALSE  0
   6:main.c        **** #define TRUE   1
   7:main.c        **** #define OFF    0
   8:main.c        **** #define ON     1
   9:main.c        **** #define TRANSMIT_BUFFER_SIZE 256
  10:main.c        **** 
  11:main.c        **** char transmitBuffer[TRANSMIT_BUFFER_SIZE]; /*Buffer para almacenar la cadena a transmitir*/
  12:main.c        **** 
  13:main.c        **** int main(void)
  14:main.c        **** {
  28              		.loc 1 14 0
  29              		.cfi_startproc
  30              		@ args = 0, pretend = 0, frame = 0
  31              		@ frame_needed = 0, uses_anonymous_args = 0
  32 0000 10B5     		push	{r4, lr}
  33              		.cfi_def_cfa_offset 8
  34              		.cfi_offset 4, -8
  35              		.cfi_offset 14, -4
  15:main.c        ****     CyGlobalIntEnable; /* Enable global interrupts. */
  36              		.loc 1 15 0
  37              		.syntax unified
  38              	@ 15 "main.c" 1
  39 0002 62B6     		CPSIE   i
  40              	@ 0 "" 2
  16:main.c        ****     WaveDAC8_1_Start(); //Start the WaveDAC. 
  41              		.loc 1 16 0
ARM GAS  C:\Users\RRAMIR~1\AppData\Local\Temp\ccTjPjPq.s 			page 2


  42              		.thumb
  43              		.syntax unified
  44 0004 FFF7FEFF 		bl	WaveDAC8_1_Start
  45              	.LVL0:
  17:main.c        ****     UART_1_Start(); /*Iniciamos comunicaci贸n UART*/
  46              		.loc 1 17 0
  47 0008 FFF7FEFF 		bl	UART_1_Start
  48              	.LVL1:
  18:main.c        ****     ADC_Start();
  49              		.loc 1 18 0
  50 000c FFF7FEFF 		bl	ADC_Start
  51              	.LVL2:
  52              	.L2:
  19:main.c        ****     int16 Pot_val; //variable en donde almacenamos el
  20:main.c        ****                    // dato del ADC
  21:main.c        **** 
  22:main.c        ****     /* Place your initialization/startup code here (e.g. MyInst_Start()) */
  23:main.c        **** 
  24:main.c        ****     for(;;)
  25:main.c        ****     {
  26:main.c        ****        
  27:main.c        ****        ADC_StartConvert(); // Inicia la conversi贸n A/D
  53              		.loc 1 27 0 discriminator 1
  54 0010 FFF7FEFF 		bl	ADC_StartConvert
  55              	.LVL3:
  28:main.c        ****        ADC_IsEndConversion(ADC_WAIT_FOR_RESULT); // Espera a que la conversi贸n haya finalizado
  56              		.loc 1 28 0 discriminator 1
  57 0014 0020     		movs	r0, #0
  58 0016 FFF7FEFF 		bl	ADC_IsEndConversion
  59              	.LVL4:
  29:main.c        ****        Pot_val = ADC_GetResult16(); //Guarda el resultado de la conversi贸n
  60              		.loc 1 29 0 discriminator 1
  61 001a FFF7FEFF 		bl	ADC_GetResult16
  62              	.LVL5:
  30:main.c        ****        sprintf(transmitBuffer,"%d\r\n",Pot_val);  // Convierte de entero a cadena para poder enviar
  63              		.loc 1 30 0 discriminator 1
  64 001e 054C     		ldr	r4, .L4
  65 0020 0246     		mov	r2, r0
  66 0022 0549     		ldr	r1, .L4+4
  67 0024 2046     		mov	r0, r4
  68              	.LVL6:
  69 0026 FFF7FEFF 		bl	sprintf
  70              	.LVL7:
  31:main.c        ****        UART_1_PutString(transmitBuffer);
  71              		.loc 1 31 0 discriminator 1
  72 002a 2046     		mov	r0, r4
  73 002c FFF7FEFF 		bl	UART_1_PutString
  74              	.LVL8:
  75 0030 EEE7     		b	.L2
  76              	.L5:
  77 0032 00BF     		.align	2
  78              	.L4:
  79 0034 00000000 		.word	transmitBuffer
  80 0038 00000000 		.word	.LC0
  81              		.cfi_endproc
  82              	.LFE64:
  83              		.size	main, .-main
ARM GAS  C:\Users\RRAMIR~1\AppData\Local\Temp\ccTjPjPq.s 			page 3


  84              		.comm	transmitBuffer,256,4
  85              		.section	.rodata.str1.4,"aMS",%progbits,1
  86              		.align	2
  87              	.LC0:
  88 0000 25640D0A 		.ascii	"%d\015\012\000"
  88      00
  89              		.text
  90              	.Letext0:
  91              		.file 2 "c:\\program files (x86)\\cypress\\psoc creator\\4.3\\psoc creator\\import\\gnu\\arm\\5.4.
  92              		.file 3 "c:\\program files (x86)\\cypress\\psoc creator\\4.3\\psoc creator\\import\\gnu\\arm\\5.4.
  93              		.file 4 "Generated_Source\\PSoC5/cytypes.h"
  94              		.file 5 "Generated_Source\\PSoC5/core_cm3.h"
  95              		.file 6 "Generated_Source\\PSoC5/WaveDAC8_1.h"
  96              		.file 7 "Generated_Source\\PSoC5/UART_1.h"
  97              		.file 8 "Generated_Source\\PSoC5/ADC.h"
  98              		.file 9 "c:\\program files (x86)\\cypress\\psoc creator\\4.3\\psoc creator\\import\\gnu\\arm\\5.4.
  99              		.section	.debug_info,"",%progbits
 100              	.Ldebug_info0:
 101 0000 CD010000 		.4byte	0x1cd
 102 0004 0400     		.2byte	0x4
 103 0006 00000000 		.4byte	.Ldebug_abbrev0
 104 000a 04       		.byte	0x4
 105 000b 01       		.uleb128 0x1
 106 000c 43000000 		.4byte	.LASF27
 107 0010 0C       		.byte	0xc
 108 0011 98010000 		.4byte	.LASF28
 109 0015 EF010000 		.4byte	.LASF29
 110 0019 00000000 		.4byte	.Ldebug_ranges0+0
 111 001d 00000000 		.4byte	0
 112 0021 00000000 		.4byte	.Ldebug_line0
 113 0025 02       		.uleb128 0x2
 114 0026 01       		.byte	0x1
 115 0027 06       		.byte	0x6
 116 0028 D2010000 		.4byte	.LASF0
 117 002c 02       		.uleb128 0x2
 118 002d 01       		.byte	0x1
 119 002e 08       		.byte	0x8
 120 002f 35000000 		.4byte	.LASF1
 121 0033 02       		.uleb128 0x2
 122 0034 02       		.byte	0x2
 123 0035 05       		.byte	0x5
 124 0036 A4010000 		.4byte	.LASF2
 125 003a 02       		.uleb128 0x2
 126 003b 02       		.byte	0x2
 127 003c 07       		.byte	0x7
 128 003d FC000000 		.4byte	.LASF3
 129 0041 03       		.uleb128 0x3
 130 0042 0D000000 		.4byte	.LASF9
 131 0046 02       		.byte	0x2
 132 0047 3F       		.byte	0x3f
 133 0048 4C000000 		.4byte	0x4c
 134 004c 02       		.uleb128 0x2
 135 004d 04       		.byte	0x4
 136 004e 05       		.byte	0x5
 137 004f BD010000 		.4byte	.LASF4
 138 0053 02       		.uleb128 0x2
 139 0054 04       		.byte	0x4
ARM GAS  C:\Users\RRAMIR~1\AppData\Local\Temp\ccTjPjPq.s 			page 4


 140 0055 07       		.byte	0x7
 141 0056 2C010000 		.4byte	.LASF5
 142 005a 02       		.uleb128 0x2
 143 005b 08       		.byte	0x8
 144 005c 05       		.byte	0x5
 145 005d 8A010000 		.4byte	.LASF6
 146 0061 02       		.uleb128 0x2
 147 0062 08       		.byte	0x8
 148 0063 07       		.byte	0x7
 149 0064 50010000 		.4byte	.LASF7
 150 0068 04       		.uleb128 0x4
 151 0069 04       		.byte	0x4
 152 006a 05       		.byte	0x5
 153 006b 696E7400 		.ascii	"int\000"
 154 006f 02       		.uleb128 0x2
 155 0070 04       		.byte	0x4
 156 0071 07       		.byte	0x7
 157 0072 43010000 		.4byte	.LASF8
 158 0076 03       		.uleb128 0x3
 159 0077 71010000 		.4byte	.LASF10
 160 007b 03       		.byte	0x3
 161 007c 2C       		.byte	0x2c
 162 007d 41000000 		.4byte	0x41
 163 0081 05       		.uleb128 0x5
 164 0082 E2000000 		.4byte	.LASF11
 165 0086 04       		.byte	0x4
 166 0087 E801     		.2byte	0x1e8
 167 0089 33000000 		.4byte	0x33
 168 008d 02       		.uleb128 0x2
 169 008e 04       		.byte	0x4
 170 008f 04       		.byte	0x4
 171 0090 2F000000 		.4byte	.LASF12
 172 0094 02       		.uleb128 0x2
 173 0095 08       		.byte	0x8
 174 0096 04       		.byte	0x4
 175 0097 28000000 		.4byte	.LASF13
 176 009b 02       		.uleb128 0x2
 177 009c 01       		.byte	0x1
 178 009d 08       		.byte	0x8
 179 009e 9F010000 		.4byte	.LASF14
 180 00a2 02       		.uleb128 0x2
 181 00a3 08       		.byte	0x8
 182 00a4 04       		.byte	0x4
 183 00a5 C6010000 		.4byte	.LASF15
 184 00a9 02       		.uleb128 0x2
 185 00aa 04       		.byte	0x4
 186 00ab 07       		.byte	0x7
 187 00ac 79010000 		.4byte	.LASF16
 188 00b0 06       		.uleb128 0x6
 189 00b1 3E010000 		.4byte	.LASF30
 190 00b5 01       		.byte	0x1
 191 00b6 0D       		.byte	0xd
 192 00b7 68000000 		.4byte	0x68
 193 00bb 00000000 		.4byte	.LFB64
 194 00bf 3C000000 		.4byte	.LFE64-.LFB64
 195 00c3 01       		.uleb128 0x1
 196 00c4 9C       		.byte	0x9c
ARM GAS  C:\Users\RRAMIR~1\AppData\Local\Temp\ccTjPjPq.s 			page 5


 197 00c5 46010000 		.4byte	0x146
 198 00c9 07       		.uleb128 0x7
 199 00ca 82010000 		.4byte	.LASF31
 200 00ce 01       		.byte	0x1
 201 00cf 13       		.byte	0x13
 202 00d0 81000000 		.4byte	0x81
 203 00d4 00000000 		.4byte	.LLST0
 204 00d8 08       		.uleb128 0x8
 205 00d9 08000000 		.4byte	.LVL0
 206 00dd 78010000 		.4byte	0x178
 207 00e1 08       		.uleb128 0x8
 208 00e2 0C000000 		.4byte	.LVL1
 209 00e6 83010000 		.4byte	0x183
 210 00ea 08       		.uleb128 0x8
 211 00eb 10000000 		.4byte	.LVL2
 212 00ef 8E010000 		.4byte	0x18e
 213 00f3 08       		.uleb128 0x8
 214 00f4 14000000 		.4byte	.LVL3
 215 00f8 99010000 		.4byte	0x199
 216 00fc 09       		.uleb128 0x9
 217 00fd 1A000000 		.4byte	.LVL4
 218 0101 A4010000 		.4byte	0x1a4
 219 0105 0F010000 		.4byte	0x10f
 220 0109 0A       		.uleb128 0xa
 221 010a 01       		.uleb128 0x1
 222 010b 50       		.byte	0x50
 223 010c 01       		.uleb128 0x1
 224 010d 30       		.byte	0x30
 225 010e 00       		.byte	0
 226 010f 08       		.uleb128 0x8
 227 0110 1E000000 		.4byte	.LVL5
 228 0114 AF010000 		.4byte	0x1af
 229 0118 09       		.uleb128 0x9
 230 0119 2A000000 		.4byte	.LVL7
 231 011d BA010000 		.4byte	0x1ba
 232 0121 35010000 		.4byte	0x135
 233 0125 0A       		.uleb128 0xa
 234 0126 01       		.uleb128 0x1
 235 0127 50       		.byte	0x50
 236 0128 02       		.uleb128 0x2
 237 0129 74       		.byte	0x74
 238 012a 00       		.sleb128 0
 239 012b 0A       		.uleb128 0xa
 240 012c 01       		.uleb128 0x1
 241 012d 51       		.byte	0x51
 242 012e 05       		.uleb128 0x5
 243 012f 03       		.byte	0x3
 244 0130 00000000 		.4byte	.LC0
 245 0134 00       		.byte	0
 246 0135 0B       		.uleb128 0xb
 247 0136 30000000 		.4byte	.LVL8
 248 013a C5010000 		.4byte	0x1c5
 249 013e 0A       		.uleb128 0xa
 250 013f 01       		.uleb128 0x1
 251 0140 50       		.byte	0x50
 252 0141 02       		.uleb128 0x2
 253 0142 74       		.byte	0x74
ARM GAS  C:\Users\RRAMIR~1\AppData\Local\Temp\ccTjPjPq.s 			page 6


 254 0143 00       		.sleb128 0
 255 0144 00       		.byte	0
 256 0145 00       		.byte	0
 257 0146 0C       		.uleb128 0xc
 258 0147 1F010000 		.4byte	.LASF17
 259 014b 05       		.byte	0x5
 260 014c 1207     		.2byte	0x712
 261 014e 52010000 		.4byte	0x152
 262 0152 0D       		.uleb128 0xd
 263 0153 76000000 		.4byte	0x76
 264 0157 0E       		.uleb128 0xe
 265 0158 9B000000 		.4byte	0x9b
 266 015c 67010000 		.4byte	0x167
 267 0160 0F       		.uleb128 0xf
 268 0161 A9000000 		.4byte	0xa9
 269 0165 FF       		.byte	0xff
 270 0166 00       		.byte	0
 271 0167 10       		.uleb128 0x10
 272 0168 AE010000 		.4byte	.LASF18
 273 016c 01       		.byte	0x1
 274 016d 0B       		.byte	0xb
 275 016e 57010000 		.4byte	0x157
 276 0172 05       		.uleb128 0x5
 277 0173 03       		.byte	0x3
 278 0174 00000000 		.4byte	transmitBuffer
 279 0178 11       		.uleb128 0x11
 280 0179 17000000 		.4byte	.LASF19
 281 017d 17000000 		.4byte	.LASF19
 282 0181 06       		.byte	0x6
 283 0182 67       		.byte	0x67
 284 0183 11       		.uleb128 0x11
 285 0184 00000000 		.4byte	.LASF20
 286 0188 00000000 		.4byte	.LASF20
 287 018c 07       		.byte	0x7
 288 018d 54       		.byte	0x54
 289 018e 11       		.uleb128 0x11
 290 018f 67010000 		.4byte	.LASF21
 291 0193 67010000 		.4byte	.LASF21
 292 0197 08       		.byte	0x8
 293 0198 34       		.byte	0x34
 294 0199 11       		.uleb128 0x11
 295 019a D1000000 		.4byte	.LASF22
 296 019e D1000000 		.4byte	.LASF22
 297 01a2 08       		.byte	0x8
 298 01a3 D1       		.byte	0xd1
 299 01a4 11       		.uleb128 0x11
 300 01a5 E8000000 		.4byte	.LASF23
 301 01a9 E8000000 		.4byte	.LASF23
 302 01ad 08       		.byte	0x8
 303 01ae 39       		.byte	0x39
 304 01af 11       		.uleb128 0x11
 305 01b0 0F010000 		.4byte	.LASF24
 306 01b4 0F010000 		.4byte	.LASF24
 307 01b8 08       		.byte	0x8
 308 01b9 3B       		.byte	0x3b
 309 01ba 11       		.uleb128 0x11
 310 01bb 36020000 		.4byte	.LASF25
ARM GAS  C:\Users\RRAMIR~1\AppData\Local\Temp\ccTjPjPq.s 			page 7


 311 01bf 36020000 		.4byte	.LASF25
 312 01c3 09       		.byte	0x9
 313 01c4 E7       		.byte	0xe7
 314 01c5 11       		.uleb128 0x11
 315 01c6 DE010000 		.4byte	.LASF26
 316 01ca DE010000 		.4byte	.LASF26
 317 01ce 07       		.byte	0x7
 318 01cf 8B       		.byte	0x8b
 319 01d0 00       		.byte	0
 320              		.section	.debug_abbrev,"",%progbits
 321              	.Ldebug_abbrev0:
 322 0000 01       		.uleb128 0x1
 323 0001 11       		.uleb128 0x11
 324 0002 01       		.byte	0x1
 325 0003 25       		.uleb128 0x25
 326 0004 0E       		.uleb128 0xe
 327 0005 13       		.uleb128 0x13
 328 0006 0B       		.uleb128 0xb
 329 0007 03       		.uleb128 0x3
 330 0008 0E       		.uleb128 0xe
 331 0009 1B       		.uleb128 0x1b
 332 000a 0E       		.uleb128 0xe
 333 000b 55       		.uleb128 0x55
 334 000c 17       		.uleb128 0x17
 335 000d 11       		.uleb128 0x11
 336 000e 01       		.uleb128 0x1
 337 000f 10       		.uleb128 0x10
 338 0010 17       		.uleb128 0x17
 339 0011 00       		.byte	0
 340 0012 00       		.byte	0
 341 0013 02       		.uleb128 0x2
 342 0014 24       		.uleb128 0x24
 343 0015 00       		.byte	0
 344 0016 0B       		.uleb128 0xb
 345 0017 0B       		.uleb128 0xb
 346 0018 3E       		.uleb128 0x3e
 347 0019 0B       		.uleb128 0xb
 348 001a 03       		.uleb128 0x3
 349 001b 0E       		.uleb128 0xe
 350 001c 00       		.byte	0
 351 001d 00       		.byte	0
 352 001e 03       		.uleb128 0x3
 353 001f 16       		.uleb128 0x16
 354 0020 00       		.byte	0
 355 0021 03       		.uleb128 0x3
 356 0022 0E       		.uleb128 0xe
 357 0023 3A       		.uleb128 0x3a
 358 0024 0B       		.uleb128 0xb
 359 0025 3B       		.uleb128 0x3b
 360 0026 0B       		.uleb128 0xb
 361 0027 49       		.uleb128 0x49
 362 0028 13       		.uleb128 0x13
 363 0029 00       		.byte	0
 364 002a 00       		.byte	0
 365 002b 04       		.uleb128 0x4
 366 002c 24       		.uleb128 0x24
 367 002d 00       		.byte	0
ARM GAS  C:\Users\RRAMIR~1\AppData\Local\Temp\ccTjPjPq.s 			page 8


 368 002e 0B       		.uleb128 0xb
 369 002f 0B       		.uleb128 0xb
 370 0030 3E       		.uleb128 0x3e
 371 0031 0B       		.uleb128 0xb
 372 0032 03       		.uleb128 0x3
 373 0033 08       		.uleb128 0x8
 374 0034 00       		.byte	0
 375 0035 00       		.byte	0
 376 0036 05       		.uleb128 0x5
 377 0037 16       		.uleb128 0x16
 378 0038 00       		.byte	0
 379 0039 03       		.uleb128 0x3
 380 003a 0E       		.uleb128 0xe
 381 003b 3A       		.uleb128 0x3a
 382 003c 0B       		.uleb128 0xb
 383 003d 3B       		.uleb128 0x3b
 384 003e 05       		.uleb128 0x5
 385 003f 49       		.uleb128 0x49
 386 0040 13       		.uleb128 0x13
 387 0041 00       		.byte	0
 388 0042 00       		.byte	0
 389 0043 06       		.uleb128 0x6
 390 0044 2E       		.uleb128 0x2e
 391 0045 01       		.byte	0x1
 392 0046 3F       		.uleb128 0x3f
 393 0047 19       		.uleb128 0x19
 394 0048 03       		.uleb128 0x3
 395 0049 0E       		.uleb128 0xe
 396 004a 3A       		.uleb128 0x3a
 397 004b 0B       		.uleb128 0xb
 398 004c 3B       		.uleb128 0x3b
 399 004d 0B       		.uleb128 0xb
 400 004e 27       		.uleb128 0x27
 401 004f 19       		.uleb128 0x19
 402 0050 49       		.uleb128 0x49
 403 0051 13       		.uleb128 0x13
 404 0052 8701     		.uleb128 0x87
 405 0054 19       		.uleb128 0x19
 406 0055 11       		.uleb128 0x11
 407 0056 01       		.uleb128 0x1
 408 0057 12       		.uleb128 0x12
 409 0058 06       		.uleb128 0x6
 410 0059 40       		.uleb128 0x40
 411 005a 18       		.uleb128 0x18
 412 005b 9742     		.uleb128 0x2117
 413 005d 19       		.uleb128 0x19
 414 005e 01       		.uleb128 0x1
 415 005f 13       		.uleb128 0x13
 416 0060 00       		.byte	0
 417 0061 00       		.byte	0
 418 0062 07       		.uleb128 0x7
 419 0063 34       		.uleb128 0x34
 420 0064 00       		.byte	0
 421 0065 03       		.uleb128 0x3
 422 0066 0E       		.uleb128 0xe
 423 0067 3A       		.uleb128 0x3a
 424 0068 0B       		.uleb128 0xb
ARM GAS  C:\Users\RRAMIR~1\AppData\Local\Temp\ccTjPjPq.s 			page 9


 425 0069 3B       		.uleb128 0x3b
 426 006a 0B       		.uleb128 0xb
 427 006b 49       		.uleb128 0x49
 428 006c 13       		.uleb128 0x13
 429 006d 02       		.uleb128 0x2
 430 006e 17       		.uleb128 0x17
 431 006f 00       		.byte	0
 432 0070 00       		.byte	0
 433 0071 08       		.uleb128 0x8
 434 0072 898201   		.uleb128 0x4109
 435 0075 00       		.byte	0
 436 0076 11       		.uleb128 0x11
 437 0077 01       		.uleb128 0x1
 438 0078 31       		.uleb128 0x31
 439 0079 13       		.uleb128 0x13
 440 007a 00       		.byte	0
 441 007b 00       		.byte	0
 442 007c 09       		.uleb128 0x9
 443 007d 898201   		.uleb128 0x4109
 444 0080 01       		.byte	0x1
 445 0081 11       		.uleb128 0x11
 446 0082 01       		.uleb128 0x1
 447 0083 31       		.uleb128 0x31
 448 0084 13       		.uleb128 0x13
 449 0085 01       		.uleb128 0x1
 450 0086 13       		.uleb128 0x13
 451 0087 00       		.byte	0
 452 0088 00       		.byte	0
 453 0089 0A       		.uleb128 0xa
 454 008a 8A8201   		.uleb128 0x410a
 455 008d 00       		.byte	0
 456 008e 02       		.uleb128 0x2
 457 008f 18       		.uleb128 0x18
 458 0090 9142     		.uleb128 0x2111
 459 0092 18       		.uleb128 0x18
 460 0093 00       		.byte	0
 461 0094 00       		.byte	0
 462 0095 0B       		.uleb128 0xb
 463 0096 898201   		.uleb128 0x4109
 464 0099 01       		.byte	0x1
 465 009a 11       		.uleb128 0x11
 466 009b 01       		.uleb128 0x1
 467 009c 31       		.uleb128 0x31
 468 009d 13       		.uleb128 0x13
 469 009e 00       		.byte	0
 470 009f 00       		.byte	0
 471 00a0 0C       		.uleb128 0xc
 472 00a1 34       		.uleb128 0x34
 473 00a2 00       		.byte	0
 474 00a3 03       		.uleb128 0x3
 475 00a4 0E       		.uleb128 0xe
 476 00a5 3A       		.uleb128 0x3a
 477 00a6 0B       		.uleb128 0xb
 478 00a7 3B       		.uleb128 0x3b
 479 00a8 05       		.uleb128 0x5
 480 00a9 49       		.uleb128 0x49
 481 00aa 13       		.uleb128 0x13
ARM GAS  C:\Users\RRAMIR~1\AppData\Local\Temp\ccTjPjPq.s 			page 10


 482 00ab 3F       		.uleb128 0x3f
 483 00ac 19       		.uleb128 0x19
 484 00ad 3C       		.uleb128 0x3c
 485 00ae 19       		.uleb128 0x19
 486 00af 00       		.byte	0
 487 00b0 00       		.byte	0
 488 00b1 0D       		.uleb128 0xd
 489 00b2 35       		.uleb128 0x35
 490 00b3 00       		.byte	0
 491 00b4 49       		.uleb128 0x49
 492 00b5 13       		.uleb128 0x13
 493 00b6 00       		.byte	0
 494 00b7 00       		.byte	0
 495 00b8 0E       		.uleb128 0xe
 496 00b9 01       		.uleb128 0x1
 497 00ba 01       		.byte	0x1
 498 00bb 49       		.uleb128 0x49
 499 00bc 13       		.uleb128 0x13
 500 00bd 01       		.uleb128 0x1
 501 00be 13       		.uleb128 0x13
 502 00bf 00       		.byte	0
 503 00c0 00       		.byte	0
 504 00c1 0F       		.uleb128 0xf
 505 00c2 21       		.uleb128 0x21
 506 00c3 00       		.byte	0
 507 00c4 49       		.uleb128 0x49
 508 00c5 13       		.uleb128 0x13
 509 00c6 2F       		.uleb128 0x2f
 510 00c7 0B       		.uleb128 0xb
 511 00c8 00       		.byte	0
 512 00c9 00       		.byte	0
 513 00ca 10       		.uleb128 0x10
 514 00cb 34       		.uleb128 0x34
 515 00cc 00       		.byte	0
 516 00cd 03       		.uleb128 0x3
 517 00ce 0E       		.uleb128 0xe
 518 00cf 3A       		.uleb128 0x3a
 519 00d0 0B       		.uleb128 0xb
 520 00d1 3B       		.uleb128 0x3b
 521 00d2 0B       		.uleb128 0xb
 522 00d3 49       		.uleb128 0x49
 523 00d4 13       		.uleb128 0x13
 524 00d5 3F       		.uleb128 0x3f
 525 00d6 19       		.uleb128 0x19
 526 00d7 02       		.uleb128 0x2
 527 00d8 18       		.uleb128 0x18
 528 00d9 00       		.byte	0
 529 00da 00       		.byte	0
 530 00db 11       		.uleb128 0x11
 531 00dc 2E       		.uleb128 0x2e
 532 00dd 00       		.byte	0
 533 00de 3F       		.uleb128 0x3f
 534 00df 19       		.uleb128 0x19
 535 00e0 3C       		.uleb128 0x3c
 536 00e1 19       		.uleb128 0x19
 537 00e2 6E       		.uleb128 0x6e
 538 00e3 0E       		.uleb128 0xe
ARM GAS  C:\Users\RRAMIR~1\AppData\Local\Temp\ccTjPjPq.s 			page 11


 539 00e4 03       		.uleb128 0x3
 540 00e5 0E       		.uleb128 0xe
 541 00e6 3A       		.uleb128 0x3a
 542 00e7 0B       		.uleb128 0xb
 543 00e8 3B       		.uleb128 0x3b
 544 00e9 0B       		.uleb128 0xb
 545 00ea 00       		.byte	0
 546 00eb 00       		.byte	0
 547 00ec 00       		.byte	0
 548              		.section	.debug_loc,"",%progbits
 549              	.Ldebug_loc0:
 550              	.LLST0:
 551 0000 1E000000 		.4byte	.LVL5
 552 0004 26000000 		.4byte	.LVL6
 553 0008 0100     		.2byte	0x1
 554 000a 50       		.byte	0x50
 555 000b 00000000 		.4byte	0
 556 000f 00000000 		.4byte	0
 557              		.section	.debug_aranges,"",%progbits
 558 0000 1C000000 		.4byte	0x1c
 559 0004 0200     		.2byte	0x2
 560 0006 00000000 		.4byte	.Ldebug_info0
 561 000a 04       		.byte	0x4
 562 000b 00       		.byte	0
 563 000c 0000     		.2byte	0
 564 000e 0000     		.2byte	0
 565 0010 00000000 		.4byte	.LFB64
 566 0014 3C000000 		.4byte	.LFE64-.LFB64
 567 0018 00000000 		.4byte	0
 568 001c 00000000 		.4byte	0
 569              		.section	.debug_ranges,"",%progbits
 570              	.Ldebug_ranges0:
 571 0000 00000000 		.4byte	.LFB64
 572 0004 3C000000 		.4byte	.LFE64
 573 0008 00000000 		.4byte	0
 574 000c 00000000 		.4byte	0
 575              		.section	.debug_line,"",%progbits
 576              	.Ldebug_line0:
 577 0000 18020000 		.section	.debug_str,"MS",%progbits,1
 577      0200E401 
 577      00000201 
 577      FB0E0D00 
 577      01010101 
 578              	.LASF20:
 579 0000 55415254 		.ascii	"UART_1_Start\000"
 579      5F315F53 
 579      74617274 
 579      00
 580              	.LASF9:
 581 000d 5F5F696E 		.ascii	"__int32_t\000"
 581      7433325F 
 581      7400
 582              	.LASF19:
 583 0017 57617665 		.ascii	"WaveDAC8_1_Start\000"
 583      44414338 
 583      5F315F53 
 583      74617274 
ARM GAS  C:\Users\RRAMIR~1\AppData\Local\Temp\ccTjPjPq.s 			page 12


 583      00
 584              	.LASF13:
 585 0028 646F7562 		.ascii	"double\000"
 585      6C6500
 586              	.LASF12:
 587 002f 666C6F61 		.ascii	"float\000"
 587      7400
 588              	.LASF1:
 589 0035 756E7369 		.ascii	"unsigned char\000"
 589      676E6564 
 589      20636861 
 589      7200
 590              	.LASF27:
 591 0043 474E5520 		.ascii	"GNU C11 5.4.1 20160609 (release) [ARM/embedded-5-br"
 591      43313120 
 591      352E342E 
 591      31203230 
 591      31363036 
 592 0076 616E6368 		.ascii	"anch revision 237715] -mcpu=cortex-m3 -mthumb -g -O"
 592      20726576 
 592      6973696F 
 592      6E203233 
 592      37373135 
 593 00a9 67202D66 		.ascii	"g -ffunction-sections -ffat-lto-objects\000"
 593      66756E63 
 593      74696F6E 
 593      2D736563 
 593      74696F6E 
 594              	.LASF22:
 595 00d1 4144435F 		.ascii	"ADC_StartConvert\000"
 595      53746172 
 595      74436F6E 
 595      76657274 
 595      00
 596              	.LASF11:
 597 00e2 696E7431 		.ascii	"int16\000"
 597      3600
 598              	.LASF23:
 599 00e8 4144435F 		.ascii	"ADC_IsEndConversion\000"
 599      4973456E 
 599      64436F6E 
 599      76657273 
 599      696F6E00 
 600              	.LASF3:
 601 00fc 73686F72 		.ascii	"short unsigned int\000"
 601      7420756E 
 601      7369676E 
 601      65642069 
 601      6E7400
 602              	.LASF24:
 603 010f 4144435F 		.ascii	"ADC_GetResult16\000"
 603      47657452 
 603      6573756C 
 603      74313600 
 604              	.LASF17:
 605 011f 49544D5F 		.ascii	"ITM_RxBuffer\000"
 605      52784275 
ARM GAS  C:\Users\RRAMIR~1\AppData\Local\Temp\ccTjPjPq.s 			page 13


 605      66666572 
 605      00
 606              	.LASF5:
 607 012c 6C6F6E67 		.ascii	"long unsigned int\000"
 607      20756E73 
 607      69676E65 
 607      6420696E 
 607      7400
 608              	.LASF30:
 609 013e 6D61696E 		.ascii	"main\000"
 609      00
 610              	.LASF8:
 611 0143 756E7369 		.ascii	"unsigned int\000"
 611      676E6564 
 611      20696E74 
 611      00
 612              	.LASF7:
 613 0150 6C6F6E67 		.ascii	"long long unsigned int\000"
 613      206C6F6E 
 613      6720756E 
 613      7369676E 
 613      65642069 
 614              	.LASF21:
 615 0167 4144435F 		.ascii	"ADC_Start\000"
 615      53746172 
 615      7400
 616              	.LASF10:
 617 0171 696E7433 		.ascii	"int32_t\000"
 617      325F7400 
 618              	.LASF16:
 619 0179 73697A65 		.ascii	"sizetype\000"
 619      74797065 
 619      00
 620              	.LASF31:
 621 0182 506F745F 		.ascii	"Pot_val\000"
 621      76616C00 
 622              	.LASF6:
 623 018a 6C6F6E67 		.ascii	"long long int\000"
 623      206C6F6E 
 623      6720696E 
 623      7400
 624              	.LASF28:
 625 0198 6D61696E 		.ascii	"main.c\000"
 625      2E6300
 626              	.LASF14:
 627 019f 63686172 		.ascii	"char\000"
 627      00
 628              	.LASF2:
 629 01a4 73686F72 		.ascii	"short int\000"
 629      7420696E 
 629      7400
 630              	.LASF18:
 631 01ae 7472616E 		.ascii	"transmitBuffer\000"
 631      736D6974 
 631      42756666 
 631      657200
 632              	.LASF4:
ARM GAS  C:\Users\RRAMIR~1\AppData\Local\Temp\ccTjPjPq.s 			page 14


 633 01bd 6C6F6E67 		.ascii	"long int\000"
 633      20696E74 
 633      00
 634              	.LASF15:
 635 01c6 6C6F6E67 		.ascii	"long double\000"
 635      20646F75 
 635      626C6500 
 636              	.LASF0:
 637 01d2 7369676E 		.ascii	"signed char\000"
 637      65642063 
 637      68617200 
 638              	.LASF26:
 639 01de 55415254 		.ascii	"UART_1_PutString\000"
 639      5F315F50 
 639      75745374 
 639      72696E67 
 639      00
 640              	.LASF29:
 641 01ef 433A5C55 		.ascii	"C:\\Users\\RRamirezC\\Documents\\PSoC Creator\\Tuto"
 641      73657273 
 641      5C525261 
 641      6D697265 
 641      7A435C44 
 642 021d 7269616C 		.ascii	"rial_7_DAC\\DAC\\DAC.cydsn\000"
 642      5F375F44 
 642      41435C44 
 642      41435C44 
 642      41432E63 
 643              	.LASF25:
 644 0236 73707269 		.ascii	"sprintf\000"
 644      6E746600 
 645              		.ident	"GCC: (GNU Tools for ARM Embedded Processors) 5.4.1 20160609 (release) [ARM/embedded-5-bran
